\BOOKMARK [1][-]{section.1}{\376\377\000M\000e\000t\000o\000d\000o\000l\000o\000g\000\355\000a\000\040\0001\000:\000\040\000S\000o\000l\000u\000c\000i\000\363\000n\000\040\000p\000o\000r\000\040\000C\000\341\000l\000c\000u\000l\000o\000s\000\040\000M\000a\000n\000u\000a\000l\000e\000s}{}% 1
\BOOKMARK [2][-]{subsection.1.1}{\376\377\000P\000l\000a\000n\000t\000e\000a\000m\000i\000e\000n\000t\000o\000\040\000y\000\040\000M\000e\000t\000o\000d\000o\000l\000o\000g\000\355\000a}{section.1}% 2
\BOOKMARK [3][-]{subsubsection.1.1.1}{\376\377\000C\000a\000r\000a\000c\000t\000e\000r\000i\000z\000a\000c\000i\000\363\000n\000\040\000d\000e\000l\000\040\000F\000l\000u\000j\000o}{subsection.1.1}% 3
\BOOKMARK [3][-]{subsubsection.1.1.2}{\376\377\000E\000c\000u\000a\000c\000i\000o\000n\000e\000s\000\040\000F\000u\000n\000d\000a\000m\000e\000n\000t\000a\000l\000e\000s}{subsection.1.1}% 4
\BOOKMARK [3][-]{subsubsection.1.1.3}{\376\377\000C\000\341\000l\000c\000u\000l\000o\000\040\000d\000e\000\040\000l\000a\000s\000\040\000P\000\351\000r\000d\000i\000d\000a\000s\000\040\000d\000e\000\040\000C\000a\000r\000g\000a\000\040\000\050\000h\000L\000\051}{subsection.1.1}% 5
\BOOKMARK [3][-]{subsubsection.1.1.4}{\376\377\000P\000l\000a\000n\000t\000e\000a\000m\000i\000e\000n\000t\000o\000\040\000d\000e\000l\000\040\000S\000i\000s\000t\000e\000m\000a\000\040\000y\000\040\000S\000o\000l\000u\000c\000i\000\363\000n}{subsection.1.1}% 6
\BOOKMARK [2][-]{subsection.1.2}{\376\377\000R\000e\000s\000u\000l\000t\000a\000d\000o\000s\000\040\000y\000\040\000D\000i\000s\000c\000u\000s\000i\000\363\000n}{section.1}% 7
\BOOKMARK [1][-]{section.2}{\376\377\000M\000e\000t\000o\000d\000o\000l\000o\000g\000\355\000a\000\040\0002\000:\000\040\000S\000i\000m\000u\000l\000a\000c\000i\000\363\000n\000\040\000p\000o\000r\000\040\000E\000l\000e\000m\000e\000n\000t\000o\000s\000\040\000F\000i\000n\000i\000t\000o\000s\000\040\000\050\000F\000E\000n\000i\000C\000S\000\051}{}% 8
\BOOKMARK [2][-]{subsection.2.1}{\376\377\000P\000l\000a\000n\000t\000e\000a\000m\000i\000e\000n\000t\000o\000\040\000y\000\040\000M\000e\000t\000o\000d\000o\000l\000o\000g\000\355\000a}{section.2}% 9
\BOOKMARK [3][-]{subsubsection.2.1.1}{\376\377\000F\000o\000r\000m\000u\000l\000a\000c\000i\000\363\000n\000\040\000V\000a\000r\000i\000a\000c\000i\000o\000n\000a\000l\000\040\000p\000o\000r\000\040\000E\000l\000e\000m\000e\000n\000t\000o\000s\000\040\000F\000i\000n\000i\000t\000o\000s}{subsection.2.1}% 10
\BOOKMARK [3][-]{subsubsection.2.1.2}{\376\377\000D\000i\000s\000c\000r\000e\000t\000i\000z\000a\000c\000i\000\363\000n\000\040\000y\000\040\000E\000s\000p\000a\000c\000i\000o\000s\000\040\000d\000e\000\040\000F\000u\000n\000c\000i\000o\000n\000e\000s}{subsection.2.1}% 11
\BOOKMARK [3][-]{subsubsection.2.1.3}{\376\377\000I\000m\000p\000l\000e\000m\000e\000n\000t\000a\000c\000i\000\363\000n\000\040\000y\000\040\000F\000l\000u\000j\000o\000\040\000d\000e\000\040\000T\000r\000a\000b\000a\000j\000o}{subsection.2.1}% 12
\BOOKMARK [2][-]{subsection.2.2}{\376\377\000R\000e\000s\000u\000l\000t\000a\000d\000o\000s\000\040\000y\000\040\000D\000i\000s\000c\000u\000s\000i\000\363\000n}{section.2}% 13
\BOOKMARK [1][-]{section.3}{\376\377\000M\000e\000t\000o\000d\000o\000l\000o\000g\000\355\000a\000\040\0003\000:\000\040\000S\000i\000m\000u\000l\000a\000c\000i\000\363\000n\000\040\000p\000o\000r\000\040\000V\000o\000l\000\372\000m\000e\000n\000e\000s\000\040\000F\000i\000n\000i\000t\000o\000s\000\040\000\050\000O\000p\000e\000n\000F\000O\000A\000M\000\051}{}% 14
\BOOKMARK [2][-]{subsection.3.1}{\376\377\000P\000l\000a\000n\000t\000e\000a\000m\000i\000e\000n\000t\000o\000\040\000y\000\040\000M\000e\000t\000o\000d\000o\000l\000o\000g\000\355\000a}{section.3}% 15
\BOOKMARK [3][-]{subsubsection.3.1.1}{\376\377\000E\000s\000t\000r\000u\000c\000t\000u\000r\000a\000\040\000d\000e\000l\000\040\000C\000a\000s\000o\000\040\000y\000\040\000G\000e\000o\000m\000e\000t\000r\000\355\000a}{subsection.3.1}% 16
\BOOKMARK [3][-]{subsubsection.3.1.2}{\376\377\000G\000e\000n\000e\000r\000a\000c\000i\000\363\000n\000\040\000d\000e\000\040\000l\000a\000\040\000M\000a\000l\000l\000a\000\040\000\050\000s\000n\000a\000p\000p\000y\000H\000e\000x\000M\000e\000s\000h\000\051}{subsection.3.1}% 17
\BOOKMARK [3][-]{subsubsection.3.1.3}{\376\377\000D\000e\000f\000i\000n\000i\000c\000i\000\363\000n\000\040\000d\000e\000\040\000C\000o\000n\000d\000i\000c\000i\000o\000n\000e\000s\000\040\000F\000\355\000s\000i\000c\000a\000s}{subsection.3.1}% 18
\BOOKMARK [3][-]{subsubsection.3.1.4}{\376\377\000C\000o\000n\000f\000i\000g\000u\000r\000a\000c\000i\000\363\000n\000\040\000N\000u\000m\000\351\000r\000i\000c\000a\000\040\000y\000\040\000d\000e\000l\000\040\000S\000o\000l\000v\000e\000r}{subsection.3.1}% 19
\BOOKMARK [3][-]{subsubsection.3.1.5}{\376\377\000E\000j\000e\000c\000u\000c\000i\000\363\000n\000\040\000y\000\040\000P\000o\000s\000t\000-\000p\000r\000o\000c\000e\000s\000a\000m\000i\000e\000n\000t\000o}{subsection.3.1}% 20
\BOOKMARK [2][-]{subsection.3.2}{\376\377\000R\000e\000s\000u\000l\000t\000a\000d\000o\000s\000\040\000y\000\040\000D\000i\000s\000c\000u\000s\000i\000\363\000n}{section.3}% 21
\BOOKMARK [1][-]{section.4}{\376\377\000A\000n\000\341\000l\000i\000s\000i\000s\000\040\000C\000o\000m\000p\000a\000r\000a\000t\000i\000v\000o\000\040\000F\000i\000n\000a\000l\000\040\000y\000\040\000C\000o\000n\000c\000l\000u\000s\000i\000o\000n\000e\000s}{}% 22
