\BOOKMARK [1][-]{section.1}{\376\377\000I\000n\000g\000e\000n\000i\000e\000r\000\355\000a\000\040\000d\000e\000l\000\040\000P\000r\000o\000y\000e\000c\000t\000o\000\040\000d\000e\000\040\000R\000e\000c\000u\000p\000e\000r\000a\000c\000i\000\363\000n\000\040\000d\000e\000\040\000C\000a\000l\000o\000r}{}% 1
\BOOKMARK [2][-]{subsection.1.1}{\376\377\000D\000e\000s\000c\000r\000i\000p\000c\000i\000\363\000n\000\040\000G\000e\000n\000e\000r\000a\000l\000\040\000d\000e\000l\000\040\000P\000r\000o\000y\000e\000c\000t\000o}{section.1}% 2
\BOOKMARK [2][-]{subsection.1.2}{\376\377\000J\000u\000s\000t\000i\000f\000i\000c\000a\000c\000i\000\363\000n\000\040\000T\000\351\000c\000n\000i\000c\000a\000\040\000y\000\040\000E\000c\000o\000n\000\363\000m\000i\000c\000a\000\040\000d\000e\000l\000\040\000S\000i\000s\000t\000e\000m\000a\000\040\000d\000e\000\040\000R\000e\000c\000u\000p\000e\000r\000a\000c\000i\000\363\000n\000\040\000d\000e\000\040\000C\000a\000l\000o\000r}{section.1}% 3
\BOOKMARK [2][-]{subsection.1.3}{\376\377\000D\000e\000s\000c\000r\000i\000p\000c\000i\000\363\000n\000\040\000d\000e\000l\000\040\000P\000r\000o\000c\000e\000s\000o\000\040\000I\000n\000d\000u\000s\000t\000r\000i\000a\000l}{section.1}% 4
\BOOKMARK [2][-]{subsection.1.4}{\376\377\000A\000n\000\341\000l\000i\000s\000i\000s\000\040\000d\000e\000\040\000V\000i\000a\000b\000i\000l\000i\000d\000a\000d\000\040\000T\000\351\000c\000n\000i\000c\000a\000\040\000y\000\040\000A\000m\000b\000i\000e\000n\000t\000a\000l}{section.1}% 5
\BOOKMARK [1][-]{section.2}{\376\377\000C\000\341\000l\000c\000u\000l\000o\000s\000\040\000d\000e\000\040\000D\000i\000s\000e\000\361\000o}{}% 6
\BOOKMARK [2][-]{subsection.2.1}{\376\377\000I\000n\000t\000e\000r\000c\000a\000m\000b\000i\000a\000d\000o\000r\000\040\000d\000e\000\040\000C\000a\000l\000o\000r}{section.2}% 7
\BOOKMARK [3][-]{subsubsection.2.1.1}{\376\377\000S\000e\000l\000e\000c\000c\000i\000\363\000n\000\040\000d\000e\000l\000\040\000T\000i\000p\000o\000\040\000d\000e\000\040\000I\000n\000t\000e\000r\000c\000a\000m\000b\000i\000a\000d\000o\000r\000\040\000d\000e\000\040\000C\000a\000l\000o\000r}{subsection.2.1}% 8
\BOOKMARK [3][-]{subsubsection.2.1.2}{\376\377\000C\000\341\000l\000c\000u\000l\000o\000s\000\040\000T\000\351\000r\000m\000i\000c\000o\000s}{subsection.2.1}% 9
\BOOKMARK [3][-]{subsubsection.2.1.3}{\376\377\000S\000e\000l\000e\000c\000c\000i\000\363\000n\000\040\000d\000e\000\040\000M\000a\000t\000e\000r\000i\000a\000l\000e\000s\000\040\000y\000\040\000D\000i\000m\000e\000n\000s\000i\000o\000n\000a\000m\000i\000e\000n\000t\000o}{subsection.2.1}% 10
\BOOKMARK [2][-]{subsection.2.2}{\376\377\000B\000o\000m\000b\000a\000\040\000d\000e\000\040\000A\000g\000u\000a}{section.2}% 11
\BOOKMARK [3][-]{subsubsection.2.2.1}{\376\377\000C\000\341\000l\000c\000u\000l\000o\000\040\000d\000e\000l\000\040\000C\000a\000u\000d\000a\000l\000\040\000y\000\040\000l\000a\000\040\000P\000r\000e\000s\000i\000\363\000n\000\040\000N\000e\000c\000e\000s\000a\000r\000i\000a}{subsection.2.2}% 12
\BOOKMARK [3][-]{subsubsection.2.2.2}{\376\377\000S\000e\000l\000e\000c\000c\000i\000\363\000n\000\040\000d\000e\000\040\000l\000a\000\040\000B\000o\000m\000b\000a}{subsection.2.2}% 13
\BOOKMARK [2][-]{subsection.2.3}{\376\377\000T\000u\000b\000e\000r\000\355\000a\000s}{section.2}% 14
\BOOKMARK [3][-]{subsubsection.2.3.1}{\376\377\000C\000\341\000l\000c\000u\000l\000o\000\040\000d\000e\000l\000\040\000D\000i\000\341\000m\000e\000t\000r\000o}{subsection.2.3}% 15
\BOOKMARK [3][-]{subsubsection.2.3.2}{\376\377\000S\000e\000l\000e\000c\000c\000i\000\363\000n\000\040\000d\000e\000l\000\040\000M\000a\000t\000e\000r\000i\000a\000l\000\040\000y\000\040\000E\000s\000p\000e\000s\000o\000r}{subsection.2.3}% 16
\BOOKMARK [2][-]{subsection.2.4}{\376\377\000C\000a\000\355\000d\000a\000s\000\040\000d\000e\000\040\000P\000r\000e\000s\000i\000\363\000n}{section.2}% 17
\BOOKMARK [3][-]{subsubsection.2.4.1}{\376\377\000C\000\341\000l\000c\000u\000l\000o\000\040\000d\000e\000\040\000P\000\351\000r\000d\000i\000d\000a\000s\000\040\000p\000o\000r\000\040\000F\000r\000i\000c\000c\000i\000\363\000n\000\040\000y\000\040\000A\000c\000c\000e\000s\000o\000r\000i\000o\000s}{subsection.2.4}% 18
\BOOKMARK [3][-]{subsubsection.2.4.2}{\376\377\000A\000n\000\341\000l\000i\000s\000i\000s\000\040\000d\000e\000\040\000P\000u\000n\000t\000o\000s\000\040\000C\000r\000\355\000t\000i\000c\000o\000s\000\040\000e\000n\000\040\000l\000a\000\040\000R\000e\000d\000\040\000d\000e\000\040\000T\000u\000b\000e\000r\000\355\000a\000s}{subsection.2.4}% 19
\BOOKMARK [1][-]{section.3}{\376\377\000L\000\363\000g\000i\000c\000a\000\040\000d\000e\000\040\000F\000u\000n\000c\000i\000o\000n\000a\000m\000i\000e\000n\000t\000o\000\040\000y\000\040\000O\000p\000e\000r\000a\000c\000i\000\363\000n\000\040\000d\000e\000l\000\040\000S\000i\000s\000t\000e\000m\000a}{}% 20
\BOOKMARK [1][-]{section.4}{\376\377\000E\000s\000q\000u\000e\000m\000a\000s\000\040\000y\000\040\000P\000l\000a\000n\000o\000s}{}% 21
\BOOKMARK [2][-]{subsection.4.1}{\376\377\000P\000l\000a\000n\000o\000s\000\040\000D\000e\000t\000a\000l\000l\000a\000d\000o\000s\000\040\000d\000e\000l\000\040\000S\000i\000s\000t\000e\000m\000a\000\040\000d\000e\000\040\000R\000e\000c\000u\000p\000e\000r\000a\000c\000i\000\363\000n\000\040\000d\000e\000\040\000C\000a\000l\000o\000r}{section.4}% 22
\BOOKMARK [2][-]{subsection.4.2}{\376\377\000D\000i\000a\000g\000r\000a\000m\000a\000s\000\040\000d\000e\000\040\000F\000l\000u\000j\000o\000\040\000d\000e\000l\000\040\000P\000r\000o\000c\000e\000s\000o}{section.4}% 23
\BOOKMARK [2][-]{subsection.4.3}{\376\377\000E\000s\000q\000u\000e\000m\000a\000s\000\040\000d\000e\000\040\000I\000n\000s\000t\000a\000l\000a\000c\000i\000\363\000n\000\040\000d\000e\000\040\000E\000q\000u\000i\000p\000o\000s\000\040\000y\000\040\000T\000u\000b\000e\000r\000\355\000a\000s}{section.4}% 24
\BOOKMARK [1][-]{section.5}{\376\377\000R\000e\000c\000o\000m\000e\000n\000d\000a\000c\000i\000o\000n\000e\000s\000\040\000d\000e\000\040\000P\000r\000o\000v\000e\000e\000d\000o\000r\000e\000s}{}% 25
\BOOKMARK [2][-]{subsection.5.1}{\376\377\000L\000i\000s\000t\000a\000\040\000d\000e\000\040\000P\000r\000o\000v\000e\000e\000d\000o\000r\000e\000s\000\040\000P\000o\000t\000e\000n\000c\000i\000a\000l\000e\000s}{section.5}% 26
\BOOKMARK [2][-]{subsection.5.2}{\376\377\000E\000v\000a\000l\000u\000a\000c\000i\000\363\000n\000\040\000d\000e\000\040\000P\000r\000o\000v\000e\000e\000d\000o\000r\000e\000s}{section.5}% 27
\BOOKMARK [1][-]{section.6}{\376\377\000B\000a\000s\000e\000s\000\040\000T\000\351\000c\000n\000i\000c\000a\000s\000\040\000p\000a\000r\000a\000\040\000P\000o\000d\000e\000r\000\040\000L\000i\000c\000i\000t\000a\000r\000\040\000e\000l\000\040\000P\000r\000o\000y\000e\000c\000t\000o}{}% 28
\BOOKMARK [2][-]{subsection.6.1}{\376\377\000E\000s\000p\000e\000c\000i\000f\000i\000c\000a\000c\000i\000o\000n\000e\000s\000\040\000T\000\351\000c\000n\000i\000c\000a\000s\000\040\000D\000e\000t\000a\000l\000l\000a\000d\000a\000s\000\040\000d\000e\000\040\000T\000o\000d\000o\000s\000\040\000l\000o\000s\000\040\000C\000o\000m\000p\000o\000n\000e\000n\000t\000e\000s}{section.6}% 29
\BOOKMARK [2][-]{subsection.6.2}{\376\377\000C\000r\000i\000t\000e\000r\000i\000o\000s\000\040\000d\000e\000\040\000S\000e\000l\000e\000c\000c\000i\000\363\000n\000\040\000y\000\040\000E\000v\000a\000l\000u\000a\000c\000i\000\363\000n\000\040\000d\000e\000\040\000O\000f\000e\000r\000t\000a\000s}{section.6}% 30
\BOOKMARK [2][-]{subsection.6.3}{\376\377\000P\000l\000a\000n\000\040\000d\000e\000\040\000E\000j\000e\000c\000u\000c\000i\000\363\000n\000\040\000y\000\040\000C\000r\000o\000n\000o\000g\000r\000a\000m\000a\000\040\000d\000e\000l\000\040\000P\000r\000o\000y\000e\000c\000t\000o}{section.6}% 31
