This is pdfTeX, Version 3.141592653-2.6-1.40.25 (TeX Live 2023/Debian) (preloaded format=pdflatex 2025.1.28)  28 AUG 2025 12:53
entering extended mode
 restricted \write18 enabled.
 %&-line parsing enabled.
**Modulo_4_Main.tex
(./Modulo_4_Main.tex
LaTeX2e <2023-11-01> patch level 1
L3 programming layer <2024-01-22>
(/usr/share/texlive/texmf-dist/tex/latex/base/article.cls
Document Class: article 2023/05/17 v1.4n Standard LaTeX document class
(/usr/share/texlive/texmf-dist/tex/latex/base/size11.clo
File: size11.clo 2023/05/17 v1.4n Standard LaTeX file (size option)
)
\c@part=\count187
\c@section=\count188
\c@subsection=\count189
\c@subsubsection=\count190
\c@paragraph=\count191
\c@subparagraph=\count192
\c@figure=\count193
\c@table=\count194
\abovecaptionskip=\skip48
\belowcaptionskip=\skip49
\bibindent=\dimen140
)
(./WASAFF_Template_Config.tex
(/usr/share/texlive/texmf-dist/tex/latex/base/inputenc.sty
Package: inputenc 2021/02/14 v1.3d Input encoding file
\inpenc@prehook=\toks17
\inpenc@posthook=\toks18
)
(/usr/share/texlive/texmf-dist/tex/generic/babel/babel.sty
Package: babel 2024/01/07 v24.1 The Babel package
\babel@savecnt=\count195
\U@D=\dimen141
\l@unhyphenated=\language89

(/usr/share/texlive/texmf-dist/tex/generic/babel/txtbabel.def)
\bbl@readstream=\read2
\bbl@dirlevel=\count196

(/usr/share/texlive/texmf-dist/tex/generic/babel-spanish/spanish.ldf
Language: spanish.ldf 2021/05/27 v5.0q Spanish support from the babel system
\es@quottoks=\toks19
\es@quotdepth=\count197
Package babel Info: Making " an active character on input line 570.
Package babel Info: Making . an active character on input line 675.
Package babel Info: Making < an active character on input line 722.
Package babel Info: Making > an active character on input line 722.
))
(/usr/share/texlive/texmf-dist/tex/generic/babel/locale/es/babel-spanish.tex
Package babel Info: Importing font and identification data for spanish
(babel)             from babel-es.ini. Reported on input line 11.
)
(/usr/share/texlive/texmf-dist/tex/latex/graphics/graphicx.sty
Package: graphicx 2021/09/16 v1.2d Enhanced LaTeX Graphics (DPC,SPQR)

(/usr/share/texlive/texmf-dist/tex/latex/graphics/keyval.sty
Package: keyval 2022/05/29 v1.15 key=value parser (DPC)
\KV@toks@=\toks20
)
(/usr/share/texlive/texmf-dist/tex/latex/graphics/graphics.sty
Package: graphics 2022/03/10 v1.4e Standard LaTeX Graphics (DPC,SPQR)

(/usr/share/texlive/texmf-dist/tex/latex/graphics/trig.sty
Package: trig 2021/08/11 v1.11 sin cos tan (DPC)
)
(/usr/share/texlive/texmf-dist/tex/latex/graphics-cfg/graphics.cfg
File: graphics.cfg 2016/06/04 v1.11 sample graphics configuration
)
Package graphics Info: Driver file: pdftex.def on input line 107.

(/usr/share/texlive/texmf-dist/tex/latex/graphics-def/pdftex.def
File: pdftex.def 2022/09/22 v1.2b Graphics/color driver for pdftex
))
\Gin@req@height=\dimen142
\Gin@req@width=\dimen143
)
(/usr/share/texlive/texmf-dist/tex/latex/geometry/geometry.sty
Package: geometry 2020/01/02 v5.9 Page Geometry

(/usr/share/texlive/texmf-dist/tex/generic/iftex/ifvtex.sty
Package: ifvtex 2019/10/25 v1.7 ifvtex legacy package. Use iftex instead.

(/usr/share/texlive/texmf-dist/tex/generic/iftex/iftex.sty
Package: iftex 2022/02/03 v1.0f TeX engine tests
))
\Gm@cnth=\count198
\Gm@cntv=\count199
\c@Gm@tempcnt=\count266
\Gm@bindingoffset=\dimen144
\Gm@wd@mp=\dimen145
\Gm@odd@mp=\dimen146
\Gm@even@mp=\dimen147
\Gm@layoutwidth=\dimen148
\Gm@layoutheight=\dimen149
\Gm@layouthoffset=\dimen150
\Gm@layoutvoffset=\dimen151
\Gm@dimlist=\toks21
)
(/usr/share/texlive/texmf-dist/tex/latex/xcolor/xcolor.sty
Package: xcolor 2023/11/15 v3.01 LaTeX color extensions (UK)

(/usr/share/texlive/texmf-dist/tex/latex/graphics-cfg/color.cfg
File: color.cfg 2016/01/02 v1.6 sample color configuration
)
Package xcolor Info: Driver file: pdftex.def on input line 274.

(/usr/share/texlive/texmf-dist/tex/latex/graphics/mathcolor.ltx)
Package xcolor Info: Model `cmy' substituted by `cmy0' on input line 1350.
Package xcolor Info: Model `hsb' substituted by `rgb' on input line 1354.
Package xcolor Info: Model `RGB' extended on input line 1366.
Package xcolor Info: Model `HTML' substituted by `rgb' on input line 1368.
Package xcolor Info: Model `Hsb' substituted by `hsb' on input line 1369.
Package xcolor Info: Model `tHsb' substituted by `hsb' on input line 1370.
Package xcolor Info: Model `HSB' substituted by `hsb' on input line 1371.
Package xcolor Info: Model `Gray' substituted by `gray' on input line 1372.
Package xcolor Info: Model `wave' substituted by `hsb' on input line 1373.
)
(/usr/share/texlive/texmf-dist/tex/latex/fancyhdr/fancyhdr.sty
Package: fancyhdr 2022/11/09 v4.1 Extensive control of page headers and footers

\f@nch@headwidth=\skip50
\f@nch@O@elh=\skip51
\f@nch@O@erh=\skip52
\f@nch@O@olh=\skip53
\f@nch@O@orh=\skip54
\f@nch@O@elf=\skip55
\f@nch@O@erf=\skip56
\f@nch@O@olf=\skip57
\f@nch@O@orf=\skip58
)
(/usr/share/texlive/texmf-dist/tex/latex/titlesec/titlesec.sty
Package: titlesec 2023/10/27 v2.16 Sectioning titles
\ttl@box=\box51
\beforetitleunit=\skip59
\aftertitleunit=\skip60
\ttl@plus=\dimen152
\ttl@minus=\dimen153
\ttl@toksa=\toks22
\titlewidth=\dimen154
\titlewidthlast=\dimen155
\titlewidthfirst=\dimen156
)
(/usr/share/texlive/texmf-dist/tex/latex/amsmath/amsmath.sty
Package: amsmath 2023/05/13 v2.17o AMS math features
\@mathmargin=\skip61

For additional information on amsmath, use the `?' option.
(/usr/share/texlive/texmf-dist/tex/latex/amsmath/amstext.sty
Package: amstext 2021/08/26 v2.01 AMS text

(/usr/share/texlive/texmf-dist/tex/latex/amsmath/amsgen.sty
File: amsgen.sty 1999/11/30 v2.0 generic functions
\@emptytoks=\toks23
\ex@=\dimen157
))
(/usr/share/texlive/texmf-dist/tex/latex/amsmath/amsbsy.sty
Package: amsbsy 1999/11/29 v1.2d Bold Symbols
\pmbraise@=\dimen158
)
(/usr/share/texlive/texmf-dist/tex/latex/amsmath/amsopn.sty
Package: amsopn 2022/04/08 v2.04 operator names
)
\inf@bad=\count267
LaTeX Info: Redefining \frac on input line 234.
\uproot@=\count268
\leftroot@=\count269
LaTeX Info: Redefining \overline on input line 399.
LaTeX Info: Redefining \colon on input line 410.
\classnum@=\count270
\DOTSCASE@=\count271
LaTeX Info: Redefining \ldots on input line 496.
LaTeX Info: Redefining \dots on input line 499.
LaTeX Info: Redefining \cdots on input line 620.
\Mathstrutbox@=\box52
\strutbox@=\box53
LaTeX Info: Redefining \big on input line 722.
LaTeX Info: Redefining \Big on input line 723.
LaTeX Info: Redefining \bigg on input line 724.
LaTeX Info: Redefining \Bigg on input line 725.
\big@size=\dimen159
LaTeX Font Info:    Redeclaring font encoding OML on input line 743.
LaTeX Font Info:    Redeclaring font encoding OMS on input line 744.
\macc@depth=\count272
LaTeX Info: Redefining \bmod on input line 905.
LaTeX Info: Redefining \pmod on input line 910.
LaTeX Info: Redefining \smash on input line 940.
LaTeX Info: Redefining \relbar on input line 970.
LaTeX Info: Redefining \Relbar on input line 971.
\c@MaxMatrixCols=\count273
\dotsspace@=\muskip16
\c@parentequation=\count274
\dspbrk@lvl=\count275
\tag@help=\toks24
\row@=\count276
\column@=\count277
\maxfields@=\count278
\andhelp@=\toks25
\eqnshift@=\dimen160
\alignsep@=\dimen161
\tagshift@=\dimen162
\tagwidth@=\dimen163
\totwidth@=\dimen164
\lineht@=\dimen165
\@envbody=\toks26
\multlinegap=\skip62
\multlinetaggap=\skip63
\mathdisplay@stack=\toks27
LaTeX Info: Redefining \[ on input line 2953.
LaTeX Info: Redefining \] on input line 2954.
)
(/usr/share/texlive/texmf-dist/tex/latex/amsfonts/amssymb.sty
Package: amssymb 2013/01/14 v3.01 AMS font symbols

(/usr/share/texlive/texmf-dist/tex/latex/amsfonts/amsfonts.sty
Package: amsfonts 2013/01/14 v3.01 Basic AMSFonts support
\symAMSa=\mathgroup4
\symAMSb=\mathgroup5
LaTeX Font Info:    Redeclaring math symbol \hbar on input line 98.
LaTeX Font Info:    Overwriting math alphabet `\mathfrak' in version `bold'
(Font)                  U/euf/m/n --> U/euf/b/n on input line 106.
))
(/usr/share/texlive/texmf-dist/tex/latex/booktabs/booktabs.sty
Package: booktabs 2020/01/12 v1.61803398 Publication quality tables
\heavyrulewidth=\dimen166
\lightrulewidth=\dimen167
\cmidrulewidth=\dimen168
\belowrulesep=\dimen169
\belowbottomsep=\dimen170
\aboverulesep=\dimen171
\abovetopsep=\dimen172
\cmidrulesep=\dimen173
\cmidrulekern=\dimen174
\defaultaddspace=\dimen175
\@cmidla=\count279
\@cmidlb=\count280
\@aboverulesep=\dimen176
\@belowrulesep=\dimen177
\@thisruleclass=\count281
\@lastruleclass=\count282
\@thisrulewidth=\dimen178
)
(/usr/share/texlive/texmf-dist/tex/latex/hyperref/hyperref.sty
Package: hyperref 2024-01-20 v7.01h Hypertext links for LaTeX

(/usr/share/texlive/texmf-dist/tex/latex/kvsetkeys/kvsetkeys.sty
Package: kvsetkeys 2022-10-05 v1.19 Key value parser (HO)
)
(/usr/share/texlive/texmf-dist/tex/generic/kvdefinekeys/kvdefinekeys.sty
Package: kvdefinekeys 2019-12-19 v1.6 Define keys (HO)
)
(/usr/share/texlive/texmf-dist/tex/generic/pdfescape/pdfescape.sty
Package: pdfescape 2019/12/09 v1.15 Implements pdfTeX's escape features (HO)

(/usr/share/texlive/texmf-dist/tex/generic/ltxcmds/ltxcmds.sty
Package: ltxcmds 2023-12-04 v1.26 LaTeX kernel commands for general use (HO)
)
(/usr/share/texlive/texmf-dist/tex/generic/pdftexcmds/pdftexcmds.sty
Package: pdftexcmds 2020-06-27 v0.33 Utility functions of pdfTeX for LuaTeX (HO
)

(/usr/share/texlive/texmf-dist/tex/generic/infwarerr/infwarerr.sty
Package: infwarerr 2019/12/03 v1.5 Providing info/warning/error messages (HO)
)
Package pdftexcmds Info: \pdf@primitive is available.
Package pdftexcmds Info: \pdf@ifprimitive is available.
Package pdftexcmds Info: \pdfdraftmode found.
))
(/usr/share/texlive/texmf-dist/tex/latex/hycolor/hycolor.sty
Package: hycolor 2020-01-27 v1.10 Color options for hyperref/bookmark (HO)
)
(/usr/share/texlive/texmf-dist/tex/latex/auxhook/auxhook.sty
Package: auxhook 2019-12-17 v1.6 Hooks for auxiliary files (HO)
)
(/usr/share/texlive/texmf-dist/tex/latex/hyperref/nameref.sty
Package: nameref 2023-11-26 v2.56 Cross-referencing by name of section

(/usr/share/texlive/texmf-dist/tex/latex/refcount/refcount.sty
Package: refcount 2019/12/15 v3.6 Data extraction from label references (HO)
)
(/usr/share/texlive/texmf-dist/tex/generic/gettitlestring/gettitlestring.sty
Package: gettitlestring 2019/12/15 v1.6 Cleanup title references (HO)

(/usr/share/texlive/texmf-dist/tex/latex/kvoptions/kvoptions.sty
Package: kvoptions 2022-06-15 v3.15 Key value format for package options (HO)
))
\c@section@level=\count283
)
(/usr/share/texlive/texmf-dist/tex/latex/etoolbox/etoolbox.sty
Package: etoolbox 2020/10/05 v2.5k e-TeX tools for LaTeX (JAW)
\etb@tempcnta=\count284
)
\@linkdim=\dimen179
\Hy@linkcounter=\count285
\Hy@pagecounter=\count286

(/usr/share/texlive/texmf-dist/tex/latex/hyperref/pd1enc.def
File: pd1enc.def 2024-01-20 v7.01h Hyperref: PDFDocEncoding definition (HO)
Now handling font encoding PD1 ...
... no UTF-8 mapping file for font encoding PD1
)
(/usr/share/texlive/texmf-dist/tex/generic/intcalc/intcalc.sty
Package: intcalc 2019/12/15 v1.3 Expandable calculations with integers (HO)
)
\Hy@SavedSpaceFactor=\count287

(/usr/share/texlive/texmf-dist/tex/latex/hyperref/puenc.def
File: puenc.def 2024-01-20 v7.01h Hyperref: PDF Unicode definition (HO)
Now handling font encoding PU ...
... no UTF-8 mapping file for font encoding PU
)
Package hyperref Info: Hyper figures OFF on input line 4179.
Package hyperref Info: Link nesting OFF on input line 4184.
Package hyperref Info: Hyper index ON on input line 4187.
Package hyperref Info: Plain pages OFF on input line 4194.
Package hyperref Info: Backreferencing OFF on input line 4199.
Package hyperref Info: Implicit mode ON; LaTeX internals redefined.
Package hyperref Info: Bookmarks ON on input line 4446.
\c@Hy@tempcnt=\count288

(/usr/share/texlive/texmf-dist/tex/latex/url/url.sty
\Urlmuskip=\muskip17
Package: url 2013/09/16  ver 3.4  Verb mode for urls, etc.
)
LaTeX Info: Redefining \url on input line 4784.
\XeTeXLinkMargin=\dimen180

(/usr/share/texlive/texmf-dist/tex/generic/bitset/bitset.sty
Package: bitset 2019/12/09 v1.3 Handle bit-vector datatype (HO)

(/usr/share/texlive/texmf-dist/tex/generic/bigintcalc/bigintcalc.sty
Package: bigintcalc 2019/12/15 v1.5 Expandable calculations on big integers (HO
)
))
\Fld@menulength=\count289
\Field@Width=\dimen181
\Fld@charsize=\dimen182
Package hyperref Info: Hyper figures OFF on input line 6063.
Package hyperref Info: Link nesting OFF on input line 6068.
Package hyperref Info: Hyper index ON on input line 6071.
Package hyperref Info: backreferencing OFF on input line 6078.
Package hyperref Info: Link coloring OFF on input line 6083.
Package hyperref Info: Link coloring with OCG OFF on input line 6088.
Package hyperref Info: PDF/A mode OFF on input line 6093.

(/usr/share/texlive/texmf-dist/tex/latex/base/atbegshi-ltx.sty
Package: atbegshi-ltx 2021/01/10 v1.0c Emulation of the original atbegshi
package with kernel methods
)
\Hy@abspage=\count290
\c@Item=\count291
\c@Hfootnote=\count292
)
Package hyperref Info: Driver (autodetected): hpdftex.

(/usr/share/texlive/texmf-dist/tex/latex/hyperref/hpdftex.def
File: hpdftex.def 2024-01-20 v7.01h Hyperref driver for pdfTeX

(/usr/share/texlive/texmf-dist/tex/latex/base/atveryend-ltx.sty
Package: atveryend-ltx 2020/08/19 v1.0a Emulation of the original atveryend pac
kage
with kernel methods
)
\Fld@listcount=\count293
\c@bookmark@seq@number=\count294

(/usr/share/texlive/texmf-dist/tex/latex/rerunfilecheck/rerunfilecheck.sty
Package: rerunfilecheck 2022-07-10 v1.10 Rerun checks for auxiliary files (HO)

(/usr/share/texlive/texmf-dist/tex/generic/uniquecounter/uniquecounter.sty
Package: uniquecounter 2019/12/15 v1.4 Provide unlimited unique counter (HO)
)
Package uniquecounter Info: New unique counter `rerunfilecheck' on input line 2
85.
)
\Hy@SectionHShift=\skip64
)
(/usr/share/texlive/texmf-dist/tex/latex/tcolorbox/tcolorbox.sty
Package: tcolorbox 2024/01/10 version 6.2.0 text color boxes

(/usr/share/texlive/texmf-dist/tex/latex/pgf/basiclayer/pgf.sty
(/usr/share/texlive/texmf-dist/tex/latex/pgf/utilities/pgfrcs.sty
(/usr/share/texlive/texmf-dist/tex/generic/pgf/utilities/pgfutil-common.tex
\pgfutil@everybye=\toks28
\pgfutil@tempdima=\dimen183
\pgfutil@tempdimb=\dimen184
)
(/usr/share/texlive/texmf-dist/tex/generic/pgf/utilities/pgfutil-latex.def
\pgfutil@abb=\box54
)
(/usr/share/texlive/texmf-dist/tex/generic/pgf/utilities/pgfrcs.code.tex
(/usr/share/texlive/texmf-dist/tex/generic/pgf/pgf.revision.tex)
Package: pgfrcs 2023-01-15 v3.1.10 (3.1.10)
))
Package: pgf 2023-01-15 v3.1.10 (3.1.10)

(/usr/share/texlive/texmf-dist/tex/latex/pgf/basiclayer/pgfcore.sty
(/usr/share/texlive/texmf-dist/tex/latex/pgf/systemlayer/pgfsys.sty
(/usr/share/texlive/texmf-dist/tex/generic/pgf/systemlayer/pgfsys.code.tex
Package: pgfsys 2023-01-15 v3.1.10 (3.1.10)

(/usr/share/texlive/texmf-dist/tex/generic/pgf/utilities/pgfkeys.code.tex
\pgfkeys@pathtoks=\toks29
\pgfkeys@temptoks=\toks30

(/usr/share/texlive/texmf-dist/tex/generic/pgf/utilities/pgfkeyslibraryfiltered
.code.tex
\pgfkeys@tmptoks=\toks31
))
\pgf@x=\dimen185
\pgf@y=\dimen186
\pgf@xa=\dimen187
\pgf@ya=\dimen188
\pgf@xb=\dimen189
\pgf@yb=\dimen190
\pgf@xc=\dimen191
\pgf@yc=\dimen192
\pgf@xd=\dimen193
\pgf@yd=\dimen194
\w@pgf@writea=\write3
\r@pgf@reada=\read3
\c@pgf@counta=\count295
\c@pgf@countb=\count296
\c@pgf@countc=\count297
\c@pgf@countd=\count298
\t@pgf@toka=\toks32
\t@pgf@tokb=\toks33
\t@pgf@tokc=\toks34
\pgf@sys@id@count=\count299
 (/usr/share/texlive/texmf-dist/tex/generic/pgf/systemlayer/pgf.cfg
File: pgf.cfg 2023-01-15 v3.1.10 (3.1.10)
)
Driver file for pgf: pgfsys-pdftex.def
(/usr/share/texlive/texmf-dist/tex/generic/pgf/systemlayer/pgfsys-pdftex.def
File: pgfsys-pdftex.def 2023-01-15 v3.1.10 (3.1.10)

(/usr/share/texlive/texmf-dist/tex/generic/pgf/systemlayer/pgfsys-common-pdf.de
f
File: pgfsys-common-pdf.def 2023-01-15 v3.1.10 (3.1.10)
)))
(/usr/share/texlive/texmf-dist/tex/generic/pgf/systemlayer/pgfsyssoftpath.code.
tex
File: pgfsyssoftpath.code.tex 2023-01-15 v3.1.10 (3.1.10)
\pgfsyssoftpath@smallbuffer@items=\count300
\pgfsyssoftpath@bigbuffer@items=\count301
)
(/usr/share/texlive/texmf-dist/tex/generic/pgf/systemlayer/pgfsysprotocol.code.
tex
File: pgfsysprotocol.code.tex 2023-01-15 v3.1.10 (3.1.10)
))
(/usr/share/texlive/texmf-dist/tex/generic/pgf/basiclayer/pgfcore.code.tex
Package: pgfcore 2023-01-15 v3.1.10 (3.1.10)

(/usr/share/texlive/texmf-dist/tex/generic/pgf/math/pgfmath.code.tex
(/usr/share/texlive/texmf-dist/tex/generic/pgf/math/pgfmathutil.code.tex)
(/usr/share/texlive/texmf-dist/tex/generic/pgf/math/pgfmathparser.code.tex
\pgfmath@dimen=\dimen195
\pgfmath@count=\count302
\pgfmath@box=\box55
\pgfmath@toks=\toks35
\pgfmath@stack@operand=\toks36
\pgfmath@stack@operation=\toks37
)
(/usr/share/texlive/texmf-dist/tex/generic/pgf/math/pgfmathfunctions.code.tex)
(/usr/share/texlive/texmf-dist/tex/generic/pgf/math/pgfmathfunctions.basic.code
.tex)
(/usr/share/texlive/texmf-dist/tex/generic/pgf/math/pgfmathfunctions.trigonomet
ric.code.tex)
(/usr/share/texlive/texmf-dist/tex/generic/pgf/math/pgfmathfunctions.random.cod
e.tex)
(/usr/share/texlive/texmf-dist/tex/generic/pgf/math/pgfmathfunctions.comparison
.code.tex)
(/usr/share/texlive/texmf-dist/tex/generic/pgf/math/pgfmathfunctions.base.code.
tex)
(/usr/share/texlive/texmf-dist/tex/generic/pgf/math/pgfmathfunctions.round.code
.tex)
(/usr/share/texlive/texmf-dist/tex/generic/pgf/math/pgfmathfunctions.misc.code.
tex)
(/usr/share/texlive/texmf-dist/tex/generic/pgf/math/pgfmathfunctions.integerari
thmetics.code.tex)
(/usr/share/texlive/texmf-dist/tex/generic/pgf/math/pgfmathcalc.code.tex)
(/usr/share/texlive/texmf-dist/tex/generic/pgf/math/pgfmathfloat.code.tex
\c@pgfmathroundto@lastzeros=\count303
))
(/usr/share/texlive/texmf-dist/tex/generic/pgf/math/pgfint.code.tex)
(/usr/share/texlive/texmf-dist/tex/generic/pgf/basiclayer/pgfcorepoints.code.te
x
File: pgfcorepoints.code.tex 2023-01-15 v3.1.10 (3.1.10)
\pgf@picminx=\dimen196
\pgf@picmaxx=\dimen197
\pgf@picminy=\dimen198
\pgf@picmaxy=\dimen199
\pgf@pathminx=\dimen256
\pgf@pathmaxx=\dimen257
\pgf@pathminy=\dimen258
\pgf@pathmaxy=\dimen259
\pgf@xx=\dimen260
\pgf@xy=\dimen261
\pgf@yx=\dimen262
\pgf@yy=\dimen263
\pgf@zx=\dimen264
\pgf@zy=\dimen265
)
(/usr/share/texlive/texmf-dist/tex/generic/pgf/basiclayer/pgfcorepathconstruct.
code.tex
File: pgfcorepathconstruct.code.tex 2023-01-15 v3.1.10 (3.1.10)
\pgf@path@lastx=\dimen266
\pgf@path@lasty=\dimen267
)
(/usr/share/texlive/texmf-dist/tex/generic/pgf/basiclayer/pgfcorepathusage.code
.tex
File: pgfcorepathusage.code.tex 2023-01-15 v3.1.10 (3.1.10)
\pgf@shorten@end@additional=\dimen268
\pgf@shorten@start@additional=\dimen269
)
(/usr/share/texlive/texmf-dist/tex/generic/pgf/basiclayer/pgfcorescopes.code.te
x
File: pgfcorescopes.code.tex 2023-01-15 v3.1.10 (3.1.10)
\pgfpic=\box56
\pgf@hbox=\box57
\pgf@layerbox@main=\box58
\pgf@picture@serial@count=\count304
)
(/usr/share/texlive/texmf-dist/tex/generic/pgf/basiclayer/pgfcoregraphicstate.c
ode.tex
File: pgfcoregraphicstate.code.tex 2023-01-15 v3.1.10 (3.1.10)
\pgflinewidth=\dimen270
)
(/usr/share/texlive/texmf-dist/tex/generic/pgf/basiclayer/pgfcoretransformation
s.code.tex
File: pgfcoretransformations.code.tex 2023-01-15 v3.1.10 (3.1.10)
\pgf@pt@x=\dimen271
\pgf@pt@y=\dimen272
\pgf@pt@temp=\dimen273
)
(/usr/share/texlive/texmf-dist/tex/generic/pgf/basiclayer/pgfcorequick.code.tex
File: pgfcorequick.code.tex 2023-01-15 v3.1.10 (3.1.10)
)
(/usr/share/texlive/texmf-dist/tex/generic/pgf/basiclayer/pgfcoreobjects.code.t
ex
File: pgfcoreobjects.code.tex 2023-01-15 v3.1.10 (3.1.10)
)
(/usr/share/texlive/texmf-dist/tex/generic/pgf/basiclayer/pgfcorepathprocessing
.code.tex
File: pgfcorepathprocessing.code.tex 2023-01-15 v3.1.10 (3.1.10)
)
(/usr/share/texlive/texmf-dist/tex/generic/pgf/basiclayer/pgfcorearrows.code.te
x
File: pgfcorearrows.code.tex 2023-01-15 v3.1.10 (3.1.10)
\pgfarrowsep=\dimen274
)
(/usr/share/texlive/texmf-dist/tex/generic/pgf/basiclayer/pgfcoreshade.code.tex
File: pgfcoreshade.code.tex 2023-01-15 v3.1.10 (3.1.10)
\pgf@max=\dimen275
\pgf@sys@shading@range@num=\count305
\pgf@shadingcount=\count306
)
(/usr/share/texlive/texmf-dist/tex/generic/pgf/basiclayer/pgfcoreimage.code.tex
File: pgfcoreimage.code.tex 2023-01-15 v3.1.10 (3.1.10)
)
(/usr/share/texlive/texmf-dist/tex/generic/pgf/basiclayer/pgfcoreexternal.code.
tex
File: pgfcoreexternal.code.tex 2023-01-15 v3.1.10 (3.1.10)
\pgfexternal@startupbox=\box59
)
(/usr/share/texlive/texmf-dist/tex/generic/pgf/basiclayer/pgfcorelayers.code.te
x
File: pgfcorelayers.code.tex 2023-01-15 v3.1.10 (3.1.10)
)
(/usr/share/texlive/texmf-dist/tex/generic/pgf/basiclayer/pgfcoretransparency.c
ode.tex
File: pgfcoretransparency.code.tex 2023-01-15 v3.1.10 (3.1.10)
)
(/usr/share/texlive/texmf-dist/tex/generic/pgf/basiclayer/pgfcorepatterns.code.
tex
File: pgfcorepatterns.code.tex 2023-01-15 v3.1.10 (3.1.10)
)
(/usr/share/texlive/texmf-dist/tex/generic/pgf/basiclayer/pgfcorerdf.code.tex
File: pgfcorerdf.code.tex 2023-01-15 v3.1.10 (3.1.10)
)))
(/usr/share/texlive/texmf-dist/tex/generic/pgf/modules/pgfmoduleshapes.code.tex
File: pgfmoduleshapes.code.tex 2023-01-15 v3.1.10 (3.1.10)
\pgfnodeparttextbox=\box60
) (/usr/share/texlive/texmf-dist/tex/generic/pgf/modules/pgfmoduleplot.code.tex
File: pgfmoduleplot.code.tex 2023-01-15 v3.1.10 (3.1.10)
)
(/usr/share/texlive/texmf-dist/tex/latex/pgf/compatibility/pgfcomp-version-0-65
.sty
Package: pgfcomp-version-0-65 2023-01-15 v3.1.10 (3.1.10)
\pgf@nodesepstart=\dimen276
\pgf@nodesepend=\dimen277
)
(/usr/share/texlive/texmf-dist/tex/latex/pgf/compatibility/pgfcomp-version-1-18
.sty
Package: pgfcomp-version-1-18 2023-01-15 v3.1.10 (3.1.10)
)) (/usr/share/texlive/texmf-dist/tex/latex/tools/verbatim.sty
Package: verbatim 2023-11-06 v1.5v LaTeX2e package for verbatim enhancements
\every@verbatim=\toks38
\verbatim@line=\toks39
\verbatim@in@stream=\read4
)
(/usr/share/texlive/texmf-dist/tex/latex/environ/environ.sty
Package: environ 2014/05/04 v0.3 A new way to define environments

(/usr/share/texlive/texmf-dist/tex/latex/trimspaces/trimspaces.sty
Package: trimspaces 2009/09/17 v1.1 Trim spaces around a token list
))
\tcb@titlebox=\box61
\tcb@upperbox=\box62
\tcb@lowerbox=\box63
\tcb@phantombox=\box64
\c@tcbbreakpart=\count307
\c@tcblayer=\count308
\c@tcolorbox@number=\count309
\l__tcobox_tmpa_box=\box65
\l__tcobox_tmpa_dim=\dimen278
\tcb@temp=\box66
\tcb@temp=\box67
\tcb@temp=\box68
\tcb@temp=\box69

(/usr/share/texlive/texmf-dist/tex/latex/tcolorbox/tcbraster.code.tex
Library (tcolorbox): 'tcbraster.code.tex' version '6.2.0'
\c@tcbrastercolumn=\count310
\c@tcbrasterrow=\count311
\c@tcbrasternum=\count312
\c@tcbraster=\count313
) (/usr/share/texlive/texmf-dist/tex/latex/tcolorbox/tcbskins.code.tex
Library (tcolorbox): 'tcbskins.code.tex' version '6.2.0'
(/usr/share/texlive/texmf-dist/tex/latex/pgf/frontendlayer/tikz.sty
(/usr/share/texlive/texmf-dist/tex/latex/pgf/utilities/pgffor.sty
(/usr/share/texlive/texmf-dist/tex/latex/pgf/utilities/pgfkeys.sty
(/usr/share/texlive/texmf-dist/tex/generic/pgf/utilities/pgfkeys.code.tex))
(/usr/share/texlive/texmf-dist/tex/latex/pgf/math/pgfmath.sty
(/usr/share/texlive/texmf-dist/tex/generic/pgf/math/pgfmath.code.tex))
(/usr/share/texlive/texmf-dist/tex/generic/pgf/utilities/pgffor.code.tex
Package: pgffor 2023-01-15 v3.1.10 (3.1.10)
\pgffor@iter=\dimen279
\pgffor@skip=\dimen280
\pgffor@stack=\toks40
\pgffor@toks=\toks41
))
(/usr/share/texlive/texmf-dist/tex/generic/pgf/frontendlayer/tikz/tikz.code.tex
Package: tikz 2023-01-15 v3.1.10 (3.1.10)

(/usr/share/texlive/texmf-dist/tex/generic/pgf/libraries/pgflibraryplothandlers
.code.tex
File: pgflibraryplothandlers.code.tex 2023-01-15 v3.1.10 (3.1.10)
\pgf@plot@mark@count=\count314
\pgfplotmarksize=\dimen281
)
\tikz@lastx=\dimen282
\tikz@lasty=\dimen283
\tikz@lastxsaved=\dimen284
\tikz@lastysaved=\dimen285
\tikz@lastmovetox=\dimen286
\tikz@lastmovetoy=\dimen287
\tikzleveldistance=\dimen288
\tikzsiblingdistance=\dimen289
\tikz@figbox=\box70
\tikz@figbox@bg=\box71
\tikz@tempbox=\box72
\tikz@tempbox@bg=\box73
\tikztreelevel=\count315
\tikznumberofchildren=\count316
\tikznumberofcurrentchild=\count317
\tikz@fig@count=\count318

(/usr/share/texlive/texmf-dist/tex/generic/pgf/modules/pgfmodulematrix.code.tex
File: pgfmodulematrix.code.tex 2023-01-15 v3.1.10 (3.1.10)
\pgfmatrixcurrentrow=\count319
\pgfmatrixcurrentcolumn=\count320
\pgf@matrix@numberofcolumns=\count321
)
\tikz@expandcount=\count322

(/usr/share/texlive/texmf-dist/tex/generic/pgf/frontendlayer/tikz/libraries/tik
zlibrarytopaths.code.tex
File: tikzlibrarytopaths.code.tex 2023-01-15 v3.1.10 (3.1.10)
)))
(/usr/share/texlive/texmf-dist/tex/latex/tikzfill/tikzfill.image.sty
Package: tikzfill.image 2023/08/08 v1.0.1 Image filling library for TikZ

(/usr/share/texlive/texmf-dist/tex/latex/tikzfill/tikzfill-common.sty
Package: tikzfill-common 2023/08/08 v1.0.1 Auxiliary code for tikzfill
)
(/usr/share/texlive/texmf-dist/tex/latex/tikzfill/tikzlibraryfill.image.code.te
x
File: tikzlibraryfill.image.code.tex 2023/08/08 v1.0.1 Image filling library
\l__tikzfill_img_box=\box74
)) (/usr/share/texlive/texmf-dist/tex/latex/tcolorbox/tcbskinsjigsaw.code.tex
Library (tcolorbox): 'tcbskinsjigsaw.code.tex' version '6.2.0'
)) (/usr/share/texlive/texmf-dist/tex/latex/tcolorbox/tcbbreakable.code.tex
Library (tcolorbox): 'tcbbreakable.code.tex' version '6.2.0'
(/usr/share/texlive/texmf-dist/tex/latex/pdfcol/pdfcol.sty
Package: pdfcol 2022-09-21 v1.7 Handle new color stacks for pdfTeX (HO)
)
Package pdfcol Info: New color stack `tcb@breakable' = 1 on input line 23.
\tcb@testbox=\box75
\tcb@totalupperbox=\box76
\tcb@totallowerbox=\box77
)
(/usr/share/texlive/texmf-dist/tex/latex/tcolorbox/tcbhooks.code.tex
Library (tcolorbox): 'tcbhooks.code.tex' version '6.2.0'
) (/usr/share/texlive/texmf-dist/tex/latex/tcolorbox/tcbtheorems.code.tex
Library (tcolorbox): 'tcbtheorems.code.tex' version '6.2.0'
) (/usr/share/texlive/texmf-dist/tex/latex/tcolorbox/tcbfitting.code.tex
Library (tcolorbox): 'tcbfitting.code.tex' version '6.2.0'
\tcbfitdim=\dimen290
\tcb@lowerfitdim=\dimen291
\tcb@upperfitdim=\dimen292
\tcb@cur@hbadness=\count323
) (/usr/share/texlive/texmf-dist/tex/latex/tcolorbox/tcblistingsutf8.code.tex
Library (tcolorbox): 'tcblistingsutf8.code.tex' version '6.2.0'
(/usr/share/texlive/texmf-dist/tex/latex/tcolorbox/tcblistings.code.tex
Library (tcolorbox): 'tcblistings.code.tex' version '6.2.0'
(/usr/share/texlive/texmf-dist/tex/latex/listings/listings.sty
\lst@mode=\count324
\lst@gtempboxa=\box78
\lst@token=\toks42
\lst@length=\count325
\lst@currlwidth=\dimen293
\lst@column=\count326
\lst@pos=\count327
\lst@lostspace=\dimen294
\lst@width=\dimen295
\lst@newlines=\count328
\lst@lineno=\count329
\lst@maxwidth=\dimen296

(/usr/share/texlive/texmf-dist/tex/latex/listings/lstmisc.sty
File: lstmisc.sty 2023/02/27 1.9 (Carsten Heinz)
\c@lstnumber=\count330
\lst@skipnumbers=\count331
\lst@framebox=\box79
)
(/usr/share/texlive/texmf-dist/tex/latex/listings/listings.cfg
File: listings.cfg 2023/02/27 1.9 listings configuration
))
Package: listings 2023/02/27 1.9 (Carsten Heinz)

(/usr/share/texlive/texmf-dist/tex/latex/tcolorbox/tcblistingscore.code.tex
Library (tcolorbox): 'tcblistingscore.code.tex' version '6.2.0'
(/usr/share/texlive/texmf-dist/tex/latex/tcolorbox/tcbprocessing.code.tex
Library (tcolorbox): 'tcbprocessing.code.tex' version '6.2.0'
)
\c@tcblisting=\count332
)) (/usr/share/texlive/texmf-dist/tex/latex/listingsutf8/listingsutf8.sty
Package: listingsutf8 2019-12-10 v1.5 Allow UTF-8 in listings input (HO)

(/usr/share/texlive/texmf-dist/tex/generic/stringenc/stringenc.sty
Package: stringenc 2019/11/29 v1.12 Convert strings between diff. encodings (HO
)
)))
(/usr/share/texlive/texmf-dist/tex/latex/tcolorbox/tcbexternal.code.tex
Library (tcolorbox): 'tcbexternal.code.tex' version '6.2.0'
) (/usr/share/texlive/texmf-dist/tex/latex/tcolorbox/tcbmagazine.code.tex
Library (tcolorbox): 'tcbmagazine.code.tex' version '6.2.0'
) (/usr/share/texlive/texmf-dist/tex/latex/tcolorbox/tcbvignette.code.tex
Library (tcolorbox): 'tcbvignette.code.tex' version '6.2.0'

(/usr/share/texlive/texmf-dist/tex/generic/pgf/frontendlayer/tikz/libraries/tik
zlibraryfadings.code.tex
File: tikzlibraryfadings.code.tex 2023-01-15 v3.1.10 (3.1.10)

(/usr/share/texlive/texmf-dist/tex/generic/pgf/libraries/pgflibraryfadings.code
.tex
File: pgflibraryfadings.code.tex 2023-01-15 v3.1.10 (3.1.10)
))) (/usr/share/texlive/texmf-dist/tex/latex/tcolorbox/tcbposter.code.tex
Library (tcolorbox): 'tcbposter.code.tex' version '6.2.0'
)) (/usr/share/texlive/texmf-dist/tex/latex/parskip/parskip.sty
Package: parskip 2021-03-14 v2.0h non-zero parskip adjustments
)
(/usr/share/texlive/texmf-dist/tex/latex/microtype/microtype.sty
Package: microtype 2023/03/13 v3.1a Micro-typographical refinements (RS)
\MT@toks=\toks43
\MT@tempbox=\box80
\MT@count=\count333
LaTeX Info: Redefining \noprotrusionifhmode on input line 1059.
LaTeX Info: Redefining \leftprotrusion on input line 1060.
\MT@prot@toks=\toks44
LaTeX Info: Redefining \rightprotrusion on input line 1078.
LaTeX Info: Redefining \textls on input line 1368.
\MT@outer@kern=\dimen297
LaTeX Info: Redefining \textmicrotypecontext on input line 1988.
\MT@listname@count=\count334

(/usr/share/texlive/texmf-dist/tex/latex/microtype/microtype-pdftex.def
File: microtype-pdftex.def 2023/03/13 v3.1a Definitions specific to pdftex (RS)

LaTeX Info: Redefining \lsstyle on input line 902.
LaTeX Info: Redefining \lslig on input line 902.
\MT@outer@space=\skip65
)
Package microtype Info: Loading configuration file microtype.cfg.

(/usr/share/texlive/texmf-dist/tex/latex/microtype/microtype.cfg
File: microtype.cfg 2023/03/13 v3.1a microtype main configuration file (RS)
))
(/usr/share/texlive/texmf-dist/tex/latex/tools/bm.sty
Package: bm 2023/07/08 v1.2f Bold Symbol Support (DPC/FMi)
\symboldoperators=\mathgroup6
\symboldletters=\mathgroup7
\symboldsymbols=\mathgroup8
Package bm Info: No bold for \OMX/cmex/m/n, using \pmb.
Package bm Info: No bold for \U/msa/m/n, using \pmb.
Package bm Info: No bold for \U/msb/m/n, using \pmb.
LaTeX Font Info:    Redeclaring math alphabet \mathbf on input line 149.
)
(/usr/share/texlive/texmf-dist/tex/latex/setspace/setspace.sty
Package: setspace 2022/12/04 v6.7b set line spacing
)
(./WASAFF_Config.tex)
(/usr/share/texlive/texmf-dist/tex/generic/pgf/frontendlayer/tikz/libraries/tik
zlibraryshapes.geometric.code.tex
File: tikzlibraryshapes.geometric.code.tex 2023-01-15 v3.1.10 (3.1.10)

(/usr/share/texlive/texmf-dist/tex/generic/pgf/libraries/shapes/pgflibraryshape
s.geometric.code.tex
File: pgflibraryshapes.geometric.code.tex 2023-01-15 v3.1.10 (3.1.10)
))
(/usr/share/texlive/texmf-dist/tex/generic/pgf/libraries/pgflibraryarrows.meta.
code.tex
File: pgflibraryarrows.meta.code.tex 2023-01-15 v3.1.10 (3.1.10)
\pgfarrowinset=\dimen298
\pgfarrowlength=\dimen299
\pgfarrowwidth=\dimen300
\pgfarrowlinewidth=\dimen301
)
(/usr/share/texlive/texmf-dist/tex/generic/pgf/frontendlayer/tikz/libraries/tik
zlibrarypositioning.code.tex
File: tikzlibrarypositioning.code.tex 2023-01-15 v3.1.10 (3.1.10)
)
(/usr/share/texlive/texmf-dist/tex/generic/pgf/frontendlayer/tikz/libraries/tik
zlibrarybabel.code.tex
File: tikzlibrarybabel.code.tex 2023-01-15 v3.1.10 (3.1.10)
)
(/usr/share/texlive/texmf-dist/tex/generic/pgf/frontendlayer/tikz/libraries/tik
zlibrarycalc.code.tex
File: tikzlibrarycalc.code.tex 2023-01-15 v3.1.10 (3.1.10)
)
(/usr/share/texlive/texmf-dist/tex/generic/pgf/frontendlayer/tikz/libraries/tik
zlibrarydecorations.pathmorphing.code.tex
(/usr/share/texlive/texmf-dist/tex/generic/pgf/frontendlayer/tikz/libraries/tik
zlibrarydecorations.code.tex
(/usr/share/texlive/texmf-dist/tex/generic/pgf/modules/pgfmoduledecorations.cod
e.tex
\pgfdecoratedcompleteddistance=\dimen302
\pgfdecoratedremainingdistance=\dimen303
\pgfdecoratedinputsegmentcompleteddistance=\dimen304
\pgfdecoratedinputsegmentremainingdistance=\dimen305
\pgf@decorate@distancetomove=\dimen306
\pgf@decorate@repeatstate=\count335
\pgfdecorationsegmentamplitude=\dimen307
\pgfdecorationsegmentlength=\dimen308
)
\tikz@lib@dec@box=\box81
)
(/usr/share/texlive/texmf-dist/tex/generic/pgf/libraries/decorations/pgflibrary
decorations.pathmorphing.code.tex)) (/usr/share/texmf/tex/latex/lm/lmodern.sty
Package: lmodern 2015/05/01 v1.6.1 Latin Modern Fonts
LaTeX Font Info:    Overwriting symbol font `operators' in version `normal'
(Font)                  OT1/cmr/m/n --> OT1/lmr/m/n on input line 22.
LaTeX Font Info:    Overwriting symbol font `letters' in version `normal'
(Font)                  OML/cmm/m/it --> OML/lmm/m/it on input line 23.
LaTeX Font Info:    Overwriting symbol font `symbols' in version `normal'
(Font)                  OMS/cmsy/m/n --> OMS/lmsy/m/n on input line 24.
LaTeX Font Info:    Overwriting symbol font `largesymbols' in version `normal'
(Font)                  OMX/cmex/m/n --> OMX/lmex/m/n on input line 25.
LaTeX Font Info:    Overwriting symbol font `operators' in version `bold'
(Font)                  OT1/cmr/bx/n --> OT1/lmr/bx/n on input line 26.
LaTeX Font Info:    Overwriting symbol font `letters' in version `bold'
(Font)                  OML/cmm/b/it --> OML/lmm/b/it on input line 27.
LaTeX Font Info:    Overwriting symbol font `symbols' in version `bold'
(Font)                  OMS/cmsy/b/n --> OMS/lmsy/b/n on input line 28.
LaTeX Font Info:    Overwriting symbol font `largesymbols' in version `bold'
(Font)                  OMX/cmex/m/n --> OMX/lmex/m/n on input line 29.
LaTeX Font Info:    Overwriting math alphabet `\mathbf' in version `normal'
(Font)                  OT1/cmr/bx/n --> OT1/lmr/bx/n on input line 31.
LaTeX Font Info:    Overwriting math alphabet `\mathsf' in version `normal'
(Font)                  OT1/cmss/m/n --> OT1/lmss/m/n on input line 32.
LaTeX Font Info:    Overwriting math alphabet `\mathit' in version `normal'
(Font)                  OT1/cmr/m/it --> OT1/lmr/m/it on input line 33.
LaTeX Font Info:    Overwriting math alphabet `\mathtt' in version `normal'
(Font)                  OT1/cmtt/m/n --> OT1/lmtt/m/n on input line 34.
LaTeX Font Info:    Overwriting math alphabet `\mathbf' in version `bold'
(Font)                  OT1/cmr/bx/n --> OT1/lmr/bx/n on input line 35.
LaTeX Font Info:    Overwriting math alphabet `\mathsf' in version `bold'
(Font)                  OT1/cmss/bx/n --> OT1/lmss/bx/n on input line 36.
LaTeX Font Info:    Overwriting math alphabet `\mathit' in version `bold'
(Font)                  OT1/cmr/bx/it --> OT1/lmr/bx/it on input line 37.
LaTeX Font Info:    Overwriting math alphabet `\mathtt' in version `bold'
(Font)                  OT1/cmtt/m/n --> OT1/lmtt/m/n on input line 38.
) (/usr/share/texmf/tex/latex/tex-gyre/tgheros.sty
Package: tgheros 2009/09/27 v1.2 TeX Gyre Heros as default sans serif family
)
Package hyperref Info: Option `colorlinks' set `true' on input line 55.
) (./WASAFF_Template_Body.tex
LaTeX Font Info:    Trying to load font information for OT1+lmr on input line 7
.
(/usr/share/texmf/tex/latex/lm/ot1lmr.fd
File: ot1lmr.fd 2015/05/01 v1.6.1 Font defs for Latin Modern
)
(/usr/share/texlive/texmf-dist/tex/latex/l3backend/l3backend-pdftex.def
File: l3backend-pdftex.def 2024-01-04 L3 backend support: PDF output (pdfTeX)
\l__color_backend_stack_int=\count336
\l__pdf_internal_box=\box82
)
(./Modulo_4_Main.aux
LaTeX Info: Redefining \. on input line 11.
LaTeX Info: Redefining \% on input line 11.
)
\openout1 = `Modulo_4_Main.aux'.

LaTeX Font Info:    Checking defaults for OML/cmm/m/it on input line 7.
LaTeX Font Info:    ... okay on input line 7.
LaTeX Font Info:    Checking defaults for OMS/cmsy/m/n on input line 7.
LaTeX Font Info:    ... okay on input line 7.
LaTeX Font Info:    Checking defaults for OT1/cmr/m/n on input line 7.
LaTeX Font Info:    ... okay on input line 7.
LaTeX Font Info:    Checking defaults for T1/cmr/m/n on input line 7.
LaTeX Font Info:    ... okay on input line 7.
LaTeX Font Info:    Checking defaults for TS1/cmr/m/n on input line 7.
LaTeX Font Info:    ... okay on input line 7.
LaTeX Font Info:    Checking defaults for OMX/cmex/m/n on input line 7.
LaTeX Font Info:    ... okay on input line 7.
LaTeX Font Info:    Checking defaults for U/cmr/m/n on input line 7.
LaTeX Font Info:    ... okay on input line 7.
LaTeX Font Info:    Checking defaults for PD1/pdf/m/n on input line 7.
LaTeX Font Info:    ... okay on input line 7.
LaTeX Font Info:    Checking defaults for PU/pdf/m/n on input line 7.
LaTeX Font Info:    ... okay on input line 7.
LaTeX Info: Redefining \. on input line 7.
LaTeX Info: Redefining \% on input line 7.

(/usr/share/texlive/texmf-dist/tex/context/base/mkii/supp-pdf.mkii
[Loading MPS to PDF converter (version 2006.09.02).]
\scratchcounter=\count337
\scratchdimen=\dimen309
\scratchbox=\box83
\nofMPsegments=\count338
\nofMParguments=\count339
\everyMPshowfont=\toks45
\MPscratchCnt=\count340
\MPscratchDim=\dimen310
\MPnumerator=\count341
\makeMPintoPDFobject=\count342
\everyMPtoPDFconversion=\toks46
) (/usr/share/texlive/texmf-dist/tex/latex/epstopdf-pkg/epstopdf-base.sty
Package: epstopdf-base 2020-01-24 v2.11 Base part for package epstopdf
Package epstopdf-base Info: Redefining graphics rule for `.eps' on input line 4
85.

(/usr/share/texlive/texmf-dist/tex/latex/latexconfig/epstopdf-sys.cfg
File: epstopdf-sys.cfg 2010/07/13 v1.3 Configuration of (r)epstopdf for TeX Liv
e
))
*geometry* driver: auto-detecting
*geometry* detected driver: pdftex
*geometry* verbose mode - [ preamble ] result:
* driver: pdftex
* paper: a4paper
* layout: <same size as paper>
* layoutoffset:(h,v)=(0.0pt,0.0pt)
* modes: 
* h-part:(L,W,R)=(71.13188pt, 455.24411pt, 71.13188pt)
* v-part:(T,H,B)=(71.13188pt, 702.78308pt, 71.13188pt)
* \paperwidth=597.50787pt
* \paperheight=845.04684pt
* \textwidth=455.24411pt
* \textheight=702.78308pt
* \oddsidemargin=-1.1381pt
* \evensidemargin=-1.1381pt
* \topmargin=-64.1381pt
* \headheight=38.0pt
* \headsep=25.0pt
* \topskip=11.0pt
* \footskip=30.0pt
* \marginparwidth=50.0pt
* \marginparsep=10.0pt
* \columnsep=10.0pt
* \skip\footins=10.0pt plus 4.0pt minus 2.0pt
* \hoffset=0.0pt
* \voffset=0.0pt
* \mag=1000
* \@twocolumnfalse
* \@twosidefalse
* \@mparswitchfalse
* \@reversemarginfalse
* (1in=72.27pt=25.4mm, 1cm=28.453pt)

Package hyperref Info: Link coloring ON on input line 7.
(./Modulo_4_Main.out) (./Modulo_4_Main.out)
\@outlinefile=\write4
\openout4 = `Modulo_4_Main.out'.

\c@lstlisting=\count343

Couldn't patch \ttl@straight@ii
Couldn't patch \ttl@straight@ii
LaTeX Info: Redefining \microtypecontext on input line 7.
Package microtype Info: Applying patch `item' on input line 7.
Package microtype Info: Applying patch `toc' on input line 7.
Package microtype Info: Applying patch `eqnum' on input line 7.

Package microtype Warning: Unable to apply patch `footnote' on input line 7.

Package microtype Info: Applying patch `verbatim' on input line 7.
Package microtype Info: Generating PDF output.
Package microtype Info: Character protrusion enabled (level 2).
Package microtype Info: Using default protrusion set `alltext'.
Package microtype Info: Automatic font expansion enabled (level 2),
(microtype)             stretch: 20, shrink: 20, step: 1, non-selected.
Package microtype Info: Using default expansion set `alltext-nott'.
LaTeX Info: Redefining \showhyphens on input line 7.
Package microtype Info: No adjustment of tracking.
Package microtype Info: No adjustment of interword spacing.
Package microtype Info: No adjustment of character kerning.
(/usr/share/texlive/texmf-dist/tex/latex/microtype/mt-cmr.cfg
File: mt-cmr.cfg 2013/05/19 v2.2 microtype config. file: Computer Modern Roman 
(RS)
)
LaTeX Font Info:    Trying to load font information for OT1+qhv on input line 1
0.

(/usr/share/texmf/tex/latex/tex-gyre/ot1qhv.fd
File: ot1qhv.fd 2009/09/25 v1.2 font definition file for OT1/qhv
)
Package microtype Info: Loading generic protrusion settings for font family
(microtype)             `qhv' (encoding: OT1).
(microtype)             For optimal results, create family-specific settings.
(microtype)             See the microtype manual for details.
LaTeX Font Info:    Trying to load font information for OML+lmm on input line 1
8.

(/usr/share/texmf/tex/latex/lm/omllmm.fd
File: omllmm.fd 2015/05/01 v1.6.1 Font defs for Latin Modern
)
LaTeX Font Info:    Trying to load font information for OMS+lmsy on input line 
18.

(/usr/share/texmf/tex/latex/lm/omslmsy.fd
File: omslmsy.fd 2015/05/01 v1.6.1 Font defs for Latin Modern
)
LaTeX Font Info:    Trying to load font information for OMX+lmex on input line 
18.

(/usr/share/texmf/tex/latex/lm/omxlmex.fd
File: omxlmex.fd 2015/05/01 v1.6.1 Font defs for Latin Modern
)
LaTeX Font Info:    External font `lmex10' loaded for size
(Font)              <10.95> on input line 18.
LaTeX Font Info:    External font `lmex10' loaded for size
(Font)              <8> on input line 18.
LaTeX Font Info:    External font `lmex10' loaded for size
(Font)              <6> on input line 18.
LaTeX Font Info:    Trying to load font information for U+msa on input line 18.


(/usr/share/texlive/texmf-dist/tex/latex/amsfonts/umsa.fd
File: umsa.fd 2013/01/14 v3.01 AMS symbols A
)
(/usr/share/texlive/texmf-dist/tex/latex/microtype/mt-msa.cfg
File: mt-msa.cfg 2006/02/04 v1.1 microtype config. file: AMS symbols (a) (RS)
)
LaTeX Font Info:    Trying to load font information for U+msb on input line 18.


(/usr/share/texlive/texmf-dist/tex/latex/amsfonts/umsb.fd
File: umsb.fd 2013/01/14 v3.01 AMS symbols B
)
(/usr/share/texlive/texmf-dist/tex/latex/microtype/mt-msb.cfg
File: mt-msb.cfg 2005/06/01 v1.0 microtype config. file: AMS symbols (b) (RS)
)
(./Modulo_4_Main.toc
LaTeX Info: Redefining \. on input line 1.
LaTeX Info: Redefining \% on input line 1.
)
\tf@toc=\write5
\openout5 = `Modulo_4_Main.toc'.

<wasaff_logo.png, id=108, 253.94875pt x 162.6075pt>
File: wasaff_logo.png Graphic file (type png)
<use wasaff_logo.png>
Package pdftex.def Info: wasaff_logo.png  used on input line 29.
(pdftex.def)             Requested size: 44.43394pt x 28.45274pt.
LaTeX Font Info:    External font `lmex10' loaded for size
(Font)              <9> on input line 29.
LaTeX Font Info:    External font `lmex10' loaded for size
(Font)              <5> on input line 29.
 [1{/var/lib/texmf/fonts/map/pdftex/updmap/pdftex.map}{/usr/share/texmf/fonts/e
nc/dvips/lm/lm-rm.enc}

{/usr/share/texmf/fonts/enc/dvips/tex-gyre/q-rm.enc} <./wasaff_logo.png>] (./M4
_Parte_A.tex
File: wasaff_logo.png Graphic file (type png)
<use wasaff_logo.png>
Package pdftex.def Info: wasaff_logo.png  used on input line 33.
(pdftex.def)             Requested size: 44.43394pt x 28.45274pt.
 [2{/usr/share/texmf/fonts/enc/dvips/lm/lm-mathex.enc}{/usr/share/texmf/fonts/e
nc/dvips/lm/lm-mathsy.enc}{/usr/share/texmf/fonts/enc/dvips/lm/lm-mathit.enc}]
File: wasaff_logo.png Graphic file (type png)
<use wasaff_logo.png>
Package pdftex.def Info: wasaff_logo.png  used on input line 70.
(pdftex.def)             Requested size: 44.43394pt x 28.45274pt.
 [3])
File: wasaff_logo.png Graphic file (type png)
<use wasaff_logo.png>
Package pdftex.def Info: wasaff_logo.png  used on input line 33.
(pdftex.def)             Requested size: 44.43394pt x 28.45274pt.
 [4]
(./M4_Parte_B.tex
LaTeX Font Info:    Trying to load font information for TS1+lmr on input line 2
0.
 (/usr/share/texmf/tex/latex/lm/ts1lmr.fd
File: ts1lmr.fd 2015/05/01 v1.6.1 Font defs for Latin Modern
)
! You can't use `macro parameter character #' in internal vertical mode.
l.30 #
       --- 1. Importar librerías ---
? 
! You can't use `macro parameter character #' in internal vertical mode.
l.36 #
       --- 2. Definir parámetros ---
? 
! Missing $ inserted.
<inserted text> 
                $
l.37 L_
       beam = 0.1; H_metal = 0.01
? 
! Missing $ inserted.
<inserted text> 
                $
l.38 
     
? 
! Missing $ inserted.
<inserted text> 
                $
l.39 E_
       acero = 200e9; nu_acero = 0.3; alpha_acero = 12e-6
? 
! Missing $ inserted.
<inserted text> 
                $
l.42 
     
? 
! Missing $ inserted.
<inserted text> 
                $
l.43 E_
       cobre = 120e9; nu_cobre = 0.34; alpha_cobre = 17e-6
? 
! Missing $ inserted.
<inserted text> 
                $
l.46 
     
? 
! Missing $ inserted.
<inserted text> 
                $
l.47 T_
       inicial = 20.0; T_final = 120.0
? 
! Missing $ inserted.
<inserted text> 
                $
l.48 
     
? 
! You can't use `macro parameter character #' in internal vertical mode.
l.49 #
       --- 3. Malla y Subdominios ---
? 
! Missing $ inserted.
<inserted text> 
                $
l.50 mesh = RectangleMesh(Point(0,-H_
                                     metal), Point(L_beam, H_metal), 40, 20)
? 
! Missing $ inserted.
<inserted text> 
                $
l.59 
     
? 

Underfull \hbox (badness 10000) in paragraph at lines 49--59
[]\OT1/lmr/m/n/10.95 (+20) --- 3. Ma-lla y Sub-do-mi-nios --- mesh = RectangleM
esh(Point(0,-
 []


Overfull \hbox (220.51775pt too wide) in paragraph at lines 49--59
\OT1/lmr/m/n/10.95 (-20) H$[]\OML/lmm/m/it/10.95 etal\OT1/lmr/m/n/10.95 (-20) )
\OML/lmm/m/it/10.95 ; Point\OT1/lmr/m/n/10.95 (-20) (\OML/lmm/m/it/10.95 L[]eam
; H[]etal\OT1/lmr/m/n/10.95 (-20) )\OML/lmm/m/it/10.95 ; \OT1/lmr/m/n/10.95 (-2
0) 40\OML/lmm/m/it/10.95 ; \OT1/lmr/m/n/10.95 (-20) 20)\OML/lmm/m/it/10.95 subd
omains \OT1/lmr/m/n/10.95 (-20) = \OML/lmm/m/it/10.95 MeshFunction\OT1/lmr/m/n/
10.95 (-20) ("\OML/lmm/m/it/10.95 size[]\OT1/lmr/m/n/10.95 (-20) "\OML/lmm/m/it
/10.95 ; mesh; mesh:topology\OT1/lmr/m/n/10.95 (-20) ()\OML/lmm/m/it/10.95 :dim
\OT1/lmr/m/n/10.95 (-20) ())\OML/lmm/m/it/10.95 classAcero\OT1/lmr/m/n/10.95 (-
20) (\OML/lmm/m/it/10.95 SubDomain\OT1/lmr/m/n/10.95 (-20) ) :
 []


Underfull \hbox (badness 10000) in paragraph at lines 49--59
\OML/lmm/m/it/10.95 definside\OT1/lmr/m/n/10.95 (+20) (\OML/lmm/m/it/10.95 self
; x; on[]oundary\OT1/lmr/m/n/10.95 (+20) ) : \OML/lmm/m/it/10.95 returnx\OT1/lm
r/m/n/10.95 (+20) [1] \OML/lmm/m/it/10.95 <\OT1/lmr/m/n/10.95 (+20) = 0[]0 +
 []


Underfull \hbox (badness 10000) in paragraph at lines 49--59
\OML/lmm/m/it/10.95 DOLFIN[]PSclassCobre\OT1/lmr/m/n/10.95 (+20) (\OML/lmm/m/it
/10.95 SubDomain\OT1/lmr/m/n/10.95 (+20) ) : \OML/lmm/m/it/10.95 definside\OT1/
lmr/m/n/10.95 (+20) (\OML/lmm/m/it/10.95 self; x; on[]oundary\OT1/lmr/m/n/10.95
 (+20) ) :
 []


Overfull \hbox (9.75693pt too wide) in paragraph at lines 49--59
\OML/lmm/m/it/10.95 Cobre\OT1/lmr/m/n/10.95 (-20) ()\OML/lmm/m/it/10.95 subdoma
in[]cero:mark\OT1/lmr/m/n/10.95 (-20) (\OML/lmm/m/it/10.95 subdomains; \OT1/lmr
/m/n/10.95 (-20) 0); \OML/lmm/m/it/10.95 subdomain[]obre:mark\OT1/lmr/m/n/10.95
 (-20) (\OML/lmm/m/it/10.95 subdomains; \OT1/lmr/m/n/10.95 (-20) 1)\OML/lmm/m/i
t/10.95 dx \OT1/lmr/m/n/10.95 (-20) =
 []

! You can't use `macro parameter character #' in internal vertical mode.
l.60 #
       --- 4. Espacio de Funciones y BC ---
? 
! Missing $ inserted.
<inserted text> 
                $
l.61 V_
       u = VectorFunctionSpace(mesh, 'P', 2)
? 
! Missing $ inserted.
<inserted text> 
                $
l.64 
     
? 

Overfull \hbox (133.21382pt too wide) in paragraph at lines 60--64
[]\OT1/lmr/m/n/10.95 (-20) --- 4. Es-pa-cio de Fun-cio-nes y BC --- V$[] = \OML
/lmm/m/it/10.95 VectorFunctionSpace\OT1/lmr/m/n/10.95 (-20) (\OML/lmm/m/it/10.9
5 mesh;[] P[]; \OT1/lmr/m/n/10.95 (-20) 2)\OML/lmm/m/it/10.95 defempotramiento[
]orde\OT1/lmr/m/n/10.95 (-20) (\OML/lmm/m/it/10.95 x; on[]oundary\OT1/lmr/m/n/1
0.95 (-20) ) :
 []


Overfull \hbox (80.29865pt too wide) in paragraph at lines 60--64
\OML/lmm/m/it/10.95 returnon[]oundaryandnear\OT1/lmr/m/n/10.95 (-20) (\OML/lmm/
m/it/10.95 x\OT1/lmr/m/n/10.95 (-20) [0]\OML/lmm/m/it/10.95 ; \OT1/lmr/m/n/10.9
5 (-20) 0)\OML/lmm/m/it/10.95 bc[]ecanico \OT1/lmr/m/n/10.95 (-20) = \OML/lmm/m
/it/10.95 DirichletBC\OT1/lmr/m/n/10.95 (-20) (\OML/lmm/m/it/10.95 V[]; Constan
t\OT1/lmr/m/n/10.95 (-20) ((0\OML/lmm/m/it/10.95 ; \OT1/lmr/m/n/10.95 (-20) 0))
\OML/lmm/m/it/10.95 ; empotramiento[]orde\OT1/lmr/m/n/10.95 (-20) )$ 
 []

! You can't use `macro parameter character #' in internal vertical mode.
l.65 #
       --- 5. Forma Débil ---
? 
! Missing $ inserted.
<inserted text> 
                $
l.66 u = TrialFunction(V_
                         u); v = TestFunction(V_u)
? 
! Missing $ inserted.
<inserted text> 
                $
l.69 
     
? 

Underfull \hbox (badness 4217) in paragraph at lines 65--69
[]\OT1/lmr/m/n/10.95 (+20) --- 5. For-ma D^^Sebil --- u = TrialFunction(V$[]); 
\OML/lmm/m/it/10.95 v \OT1/lmr/m/n/10.95 (+20) = \OML/lmm/m/it/10.95 TestFuncti
on\OT1/lmr/m/n/10.95 (+20) (\OML/lmm/m/it/10.95 V[]\OT1/lmr/m/n/10.95 (+20) )\O
ML/lmm/m/it/10.95 T \OT1/lmr/m/n/10.95 (+20) =
 []

! Missing $ inserted.
<inserted text> 
                $
l.70 lmbda=Expression('x[1]>=0?l_
                                 cobre:l_acero',l_cobre=lambda_cobre, l_acer...

? 
! Missing $ inserted.
<inserted text> 
                $
l.73 
     
? 

Underfull \hbox (badness 6625) in paragraph at lines 70--73
[]\OT1/lmr/m/n/10.95 (+20) lmbda=Expression('x[1]>=0?l$[]\OML/lmm/m/it/10.95 ob
re \OT1/lmr/m/n/10.95 (+20) : \OML/lmm/m/it/10.95 l[]cero[]; l[]obre \OT1/lmr/m
/n/10.95 (+20) = \OML/lmm/m/it/10.95 lambda[]obre; l[]cero \OT1/lmr/m/n/10.95 (
+20) =
 []

! Missing $ inserted.
<inserted text> 
                $
l.74 def sigma_
               mec(u): return lmbda*tr(epsilon(u))*Identity(len(u)) + 2*mu*e...

? 
! Missing $ inserted.
<inserted text> 
                $
l.76 
     
? 

Underfull \hbox (badness 2229) in paragraph at lines 74--76
[]\OT1/lmr/m/n/10.95 (+20) def sigma$[]\OML/lmm/m/it/10.95 ec\OT1/lmr/m/n/10.95
 (+20) (\OML/lmm/m/it/10.95 u\OT1/lmr/m/n/10.95 (+20) ) : \OML/lmm/m/it/10.95 r
eturnlmbda \OMS/lmsy/m/n/10.95 ^^C \OML/lmm/m/it/10.95 tr\OT1/lmr/m/n/10.95 (+2
0) (\OML/lmm/m/it/10.95 epsilon\OT1/lmr/m/n/10.95 (+20) (\OML/lmm/m/it/10.95 u\
OT1/lmr/m/n/10.95 (+20) )) \OMS/lmsy/m/n/10.95 ^^C \OML/lmm/m/it/10.95 Identity
\OT1/lmr/m/n/10.95 (+20) (\OML/lmm/m/it/10.95 len\OT1/lmr/m/n/10.95 (+20) (\OML
/lmm/m/it/10.95 u\OT1/lmr/m/n/10.95 (+20) )) + 2 \OMS/lmsy/m/n/10.95 ^^C \OML/l
mm/m/it/10.95 mu \OMS/lmsy/m/n/10.95 ^^C
 []

! Missing $ inserted.
<inserted text> 
                $
l.77 a_
       form = inner(sigma_mec(u), epsilon(v)) * dx
? 
! Missing $ inserted.
<inserted text> 
                $
l.79 
     
? 
! You can't use `macro parameter character #' in internal vertical mode.
l.80 #
       --- 6. Resolver y Guardar ---
? 
! Missing $ inserted.
<inserted text> 
                $
l.81 u_
       sol = Function(V_u, name="Desplazamiento")
? 

LaTeX Warning: Command \guillemotleft invalid in math mode on input line 84.

! Missing $ inserted.
<inserted text> 
                $
l.85 
     
? 

Underfull \hbox (badness 10000) in paragraph at lines 80--85
[]\OT1/lmr/m/n/10.95 (+20) --- 6. Re-sol-ver y Guar-dar --- u$[]\OML/lmm/m/it/1
0.95 ol \OT1/lmr/m/n/10.95 (+20) = \OML/lmm/m/it/10.95 Function\OT1/lmr/m/n/10.
95 (+20) (\OML/lmm/m/it/10.95 V[]; name \OT1/lmr/m/n/10.95 (+20) =
 []


Overfull \hbox (71.13795pt too wide) in paragraph at lines 80--85
\OT1/lmr/m/n/10.95 (-20) "\OML/lmm/m/it/10.95 Desplazamiento\OT1/lmr/m/n/10.95 
(-20) ")\OML/lmm/m/it/10.95 solve\OT1/lmr/m/n/10.95 (-20) (\OML/lmm/m/it/10.95 
a[]orm \OT1/lmr/m/n/10.95 (-20) == \OML/lmm/m/it/10.95 L[]orm; u[]ol; bc[]ecani
co\OT1/lmr/m/n/10.95 (-20) )\OML/lmm/m/it/10.95 ifnotos:path:exists\OT1/lmr/m/n
/10.95 (-20) ("\OML/lmm/m/it/10.95 termoelasticidad\OT1/lmr/m/n/10.95 (-20) ") 
:
 []


Overfull \hbox (57.80504pt too wide) in paragraph at lines 80--85
\OML/lmm/m/it/10.95 os:makedirs\OT1/lmr/m/n/10.95 (-20) ("\OML/lmm/m/it/10.95 t
ermoelasticidad\OT1/lmr/m/n/10.95 (-20) ")\OML/lmm/m/it/10.95 vtkfile \OT1/lmr/
m/n/10.95 (-20) = \OML/lmm/m/it/10.95 File\OT1/lmr/m/n/10.95 (-20) ([]\OML/lmm/
m/it/10.95 termoelasticidad=desplazamiento:pvd[]\OT1/lmr/m/n/10.95 (-20) ); \OM
L/lmm/m/it/10.95 vtkfile \OMS/lmsy/m/n/10.95 ^^\
 []

! You can't use `macro parameter character #' in internal vertical mode.
l.86 #
       --- 7. Post-procesamiento ---
? 
! Missing $ inserted.
<inserted text> 
                $
l.87 x_
       coords=np.linspace(0, L_beam, 101); deflexiones=[]
? 
! You can't use `macro parameter character #' in math mode.
l.90     except: deflexiones.append(np.nan) #
                                              Añadir NaN si el punto está ...

? 

LaTeX Warning: Command \~ invalid in math mode on input line 90.

! Please use \mathaccent for accents in math mode.
\MT@orig@add@accent ...gnorespaces \relax \accent 
                                                  #1 #2\egroup \ifmmode \els...
l.90     except: deflexiones.append(np.nan) # Añ
                                                 adir NaN si el punto está ...

? 

LaTeX Warning: Command \' invalid in math mode on input line 90.

! Please use \mathaccent for accents in math mode.
\MT@orig@add@accent ...gnorespaces \relax \accent 
                                                  #1 #2\egroup \ifmmode \els...
l.90 ...nd(np.nan) # Añadir NaN si el punto está
                                                   fuera
? 
! You can't use `macro parameter character #' in math mode.
<recently read> ##
                  
l.91 ...; plt.plot(x_coords, deflexiones, color='#
                                                  001F3F', lw=2.5)
? 

LaTeX Warning: Command \' invalid in math mode on input line 92.

! Please use \mathaccent for accents in math mode.
\MT@orig@add@accent ...gnorespaces \relax \accent 
                                                  #1 #2\egroup \ifmmode \els...
l.92 plt.title('Deflexió
                         n del Borde Superior de la Tira Bimetálica'); plt....

? 

LaTeX Warning: Command \' invalid in math mode on input line 92.

! Please use \mathaccent for accents in math mode.
\MT@orig@add@accent ...gnorespaces \relax \accent 
                                                  #1 #2\egroup \ifmmode \els...
l.92 ...ión del Borde Superior de la Tira Bimetá
                                                  lica'); plt.xlabel('Posici...

? 

LaTeX Warning: Command \' invalid in math mode on input line 92.

! Please use \mathaccent for accents in math mode.
\MT@orig@add@accent ...gnorespaces \relax \accent 
                                                  #1 #2\egroup \ifmmode \els...
l.92 ...a Tira Bimetálica'); plt.xlabel('Posició
                                                  n (m)'); plt.ylabel('Defle...

? 

LaTeX Warning: Command \' invalid in math mode on input line 92.

! Please use \mathaccent for accents in math mode.
\MT@orig@add@accent ...gnorespaces \relax \accent 
                                                  #1 #2\egroup \ifmmode \els...
l.92 ...el('Posición (m)'); plt.ylabel('Deflexió
                                                  n Vertical (m)'); plt.grid...

? 

! Undefined control sequence.
\lstlisting ->\def \lstenv@name 
                                {lstlisting}\begingroup \lst@setcatcodes \ca...
l.94 \end{lstlisting}
                     
? 
! Package Listings Error: Extra \endlstlisting.

See the Listings package documentation for explanation.
Type  H <return>  for immediate help.
 ...                                              
                                                  
l.94 \end{lstlisting}
                     
? 

! LaTeX Error: \begin{tcb@savebox} on input line 29 ended by \end{lstlisting}.

See the LaTeX manual or LaTeX Companion for explanation.
Type  H <return>  for immediate help.
 ...                                              
                                                  
l.94 \end{lstlisting}
                     
? 
! Missing $ inserted.
<inserted text> 
                $
l.94 \end{lstlisting}
                     
? 

Overfull \hbox (8.68355pt too wide) in paragraph at lines 86--95
[]\OT1/lmr/m/n/10.95 (-20) --- 7. Post-procesamiento --- x$[]\OML/lmm/m/it/10.9
5 oords \OT1/lmr/m/n/10.95 (-20) = \OML/lmm/m/it/10.95 np:linspace\OT1/lmr/m/n/
10.95 (-20) (0\OML/lmm/m/it/10.95 ; L[]eam; \OT1/lmr/m/n/10.95 (-20) 101); \OML
/lmm/m/it/10.95 deflexiones \OT1/lmr/m/n/10.95 (-20) = []\OML/lmm/m/it/10.95 fo
rxinx[]oords \OT1/lmr/m/n/10.95 (-20) :
 []


Overfull \hbox (190.26389pt too wide) in paragraph at lines 86--95
\OML/lmm/m/it/10.95 try \OT1/lmr/m/n/10.95 (-20) : \OML/lmm/m/it/10.95 deflexio
nes:append\OT1/lmr/m/n/10.95 (-20) (\OML/lmm/m/it/10.95 u[]ol\OT1/lmr/m/n/10.95
 (-20) (\OML/lmm/m/it/10.95 x; H[]etal\OT1/lmr/m/n/10.95 (-20) )[1])\OML/lmm/m/
it/10.95 except \OT1/lmr/m/n/10.95 (-20) : \OML/lmm/m/it/10.95 deflexiones:appe
nd\OT1/lmr/m/n/10.95 (-20) (\OML/lmm/m/it/10.95 np:nan\OT1/lmr/m/n/10.95 (-20) 
)\OML/lmm/m/it/10.95 A[]adirNaNsielpuntoest[]fueraplt:figure\OT1/lmr/m/n/10.95 
(-20) (\OML/lmm/m/it/10.95 figsize \OT1/lmr/m/n/10.95 (-20) =
 []


Overfull \hbox (539.92175pt too wide) in paragraph at lines 86--95
\OT1/lmr/m/n/10.95 (-20) (10\OML/lmm/m/it/10.95 ; \OT1/lmr/m/n/10.95 (-20) 6));
 \OML/lmm/m/it/10.95 plt:plot\OT1/lmr/m/n/10.95 (-20) (\OML/lmm/m/it/10.95 x[]o
ords; deflexiones; color \OT1/lmr/m/n/10.95 (-20) =[] 001\OML/lmm/m/it/10.95 F\
OT1/lmr/m/n/10.95 (-20) 3\OML/lmm/m/it/10.95 F[]; lw \OT1/lmr/m/n/10.95 (-20) =
 2[]5)\OML/lmm/m/it/10.95 plt:title\OT1/lmr/m/n/10.95 (-20) ([]\OML/lmm/m/it/10
.95 Deflexi[]ndelBordeSuperiordelaTiraBimet[]lica[]\OT1/lmr/m/n/10.95 (-20) ); 
\OML/lmm/m/it/10.95 plt:xlabel\OT1/lmr/m/n/10.95 (-20) ([]\OML/lmm/m/it/10.95 P
osici[]n\OT1/lmr/m/n/10.95 (-20) (\OML/lmm/m/it/10.95 m\OT1/lmr/m/n/10.95 (-20)
 )[]); \OML/lmm/m/it/10.95 plt:ylabel\OT1/lmr/m/n/10.95 (-20) ([]\OML/lmm/m/it/
10.95 Deflexi[]nVertical\OT1/lmr/m/n/10.95 (-20) (\OML/lmm/m/it/10.95 m\OT1/lmr
/m/n/10.95 (-20) )[]); \OML/lmm/m/it/10.95 plt:grid\OT1/lmr/m/n/10.95 (-20) (\O
ML/lmm/m/it/10.95 True; ls \OT1/lmr/m/n/10.95 (-20) =[]
 []

! Missing } inserted.
<inserted text> 
                }
l.95 \end{tcolorbox}
                    
? 
! Extra }, or forgotten \endgroup.
\endtcb@savebox ...efalse \color@endgroup \egroup 
                                                  \expandafter \@iiiparbox \...
l.95 \end{tcolorbox}
                    
? 
! Undefined control sequence.
\endtcb@savebox ...pandafter \@iiiparbox \@mpargs 
                                                  {\unvbox \@tempboxa }
l.95 \end{tcolorbox}
                    
? 
! Missing number, treated as zero.
<to be read again> 
                   \protect 
l.101 \includegraphics
                      [width=0.9\textwidth]{paraview_deformacion.png} % <-- ...

? 
! Illegal unit of measure (pt inserted).
<to be read again> 
                   \protect 
l.101 \includegraphics
                      [width=0.9\textwidth]{paraview_deformacion.png} % <-- ...

? 
! Missing endcsname inserted.
<to be read again> 
                   scan_stop: 
l.101 \includegraphics
                      [width=0.9\textwidth]{paraview_deformacion.png} % <-- ...

? 
! Use of ??? doesn't match its definition.
<argument> ???  
                ! LaTeX Error: scan_stop: invalid in file name. Lost: mode_i...
l.101 \includegraphics
                      [width=0.9\textwidth]{paraview_deformacion.png} % <-- ...

? 
! Missing endcsname inserted.
<to be read again> 
                   scan_stop: 
l.101 \includegraphics
                      [width=0.9\textwidth]{paraview_deformacion.png} % <-- ...

? 
! Use of ??? doesn't match its definition.
<argument> ???  
                ! LaTeX Error: scan_stop: invalid in file name. Lost: mode_i...
l.101 \includegraphics
                      [width=0.9\textwidth]{paraview_deformacion.png} % <-- ...

? 
! Missing endcsname inserted.
<to be read again> 
                   scan_stop: 
l.101 \includegraphics
                      [width=0.9\textwidth]{paraview_deformacion.png} % <-- ...

? 
! Use of ??? doesn't match its definition.
<argument> ???  
                ! LaTeX Error: scan_stop: invalid in file name. Lost: mode_i...
l.101 \includegraphics
                      [width=0.9\textwidth]{paraview_deformacion.png} % <-- ...

? 

! LaTeX Error: File `\@@par ' not found.

See the LaTeX manual or LaTeX Companion for explanation.
Type  H <return>  for immediate help.
 ...                                              
                                                  
l.101 \includegraphics
                      [width=0.9\textwidth]{paraview_deformacion.png} % <-- ...

? 
Runaway argument?
{\@checkend {tcb@savebox}\expandafter \endgroup \if@endpe \@doendpe \fi \ETC.
! Paragraph ended before \setlength was complete.
<to be read again> 
                   \par 
l.101 \includegraphics
                      [width=0.9\textwidth]{paraview_deformacion.png} % <-- ...

? 

Underfull \hbox (badness 10000) in paragraph at lines 101--101
|[]\OT1/lmr/b/n/12 (+20) An[]ali-sis de Re-sul-ta-dos y Vi-sua-li-za-ci[]on|
 []


LaTeX Warning: Unexpected alignment h! on input line 101.

! Missing number, treated as zero.
<to be read again> 
                   ]
l.101 \includegraphics[width=0.9\textwidth]
                                           {paraview_deformacion.png} % <-- ...

? 
! Illegal unit of measure (pt inserted).
<to be read again> 
                   ]
l.101 \includegraphics[width=0.9\textwidth]
                                           {paraview_deformacion.png} % <-- ...

? 
! Missing $ inserted.
<inserted text> 
                $
l.101 ...degraphics[width=0.9\textwidth]{paraview_
                                                  deformacion.png} % <-- Ree...

? 
! Extra }, or forgotten $.
l.101 ...=0.9\textwidth]{paraview_deformacion.png}
                                                   % <-- Reemplaza con tu im...

? 
! Missing $ inserted.
<inserted text> 
                $
l.102 ..., induciendo un momento flector interno.}
                                                  
? 
! Missing } inserted.
<inserted text> 
                }
l.103 \end{figure}
                  
? 
! Extra }, or forgotten \endgroup.
\color@endbox ->\color@endgroup \egroup 
                                        
l.103 \end{figure}
                  
? 

! LaTeX Error: \begin{tcolorbox} on input line 29 ended by \end{figure}.

See the LaTeX manual or LaTeX Companion for explanation.
Type  H <return>  for immediate help.
 ...                                              
                                                  
l.103 \end{figure}
                  
? 
<deflexion_bimetalica.png, id=155, 722.7pt x 433.62pt>
File: deflexion_bimetalica.png Graphic file (type png)
<use deflexion_bimetalica.png>
Package pdftex.def Info: deflexion_bimetalica.png  used on input line 106.
(pdftex.def)             Requested size: 364.19667pt x 218.51653pt.

LaTeX Warning: `!h' float specifier changed to `!ht'.


Underfull \hbox (badness 10000) in paragraph at lines 111--111
|[]\OT1/lmr/b/n/14.4 (+20) Conclusi[]on Ge-ne-ral del M[]odu-lo|
 []

)
File: wasaff_logo.png Graphic file (type png)
<use wasaff_logo.png>
Package pdftex.def Info: wasaff_logo.png  used on input line 35.
(pdftex.def)             Requested size: 44.43394pt x 28.45274pt.
 [5

{/usr/share/texmf/fonts/enc/dvips/lm/lm-ts1.enc}]
File: wasaff_logo.png Graphic file (type png)
<use wasaff_logo.png>
Package pdftex.def Info: wasaff_logo.png  used on input line 37.
(pdftex.def)             Requested size: 44.43394pt x 28.45274pt.
 [6 <./deflexion_bimetalica.png>]
No file Modulo_4_Main.bbl.

! LaTeX Error: \begin{tcolorbox} on input line 29 ended by \end{document}.

See the LaTeX manual or LaTeX Companion for explanation.
Type  H <return>  for immediate help.
 ...                                              
                                                  
l.41 \end{document}
                   
? 
(./Modulo_4_Main.aux
LaTeX Info: Redefining \. on input line 11.
LaTeX Info: Redefining \% on input line 11.
)
 ***********
LaTeX2e <2023-11-01> patch level 1
L3 programming layer <2024-01-22>
 ***********
Package rerunfilecheck Info: File `Modulo_4_Main.out' has not changed.
(rerunfilecheck)             Checksum: 804C5F06516A84DD71D1C972014AB56C;3724.
 ) )
(\end occurred inside a group at level 1)

### semi simple group (level 1) entered at line 29 (\begingroup)
### bottom level 
Here is how much of TeX's memory you used:
 33274 strings out of 474222
 665172 string characters out of 5748733
 1940975 words of memory out of 5000000
 54736 multiletter control sequences out of 15000+600000
 655586 words of font info for 183 fonts, out of 8000000 for 9000
 1141 hyphenation exceptions out of 8191
 98i,19n,102p,1175b,883s stack positions out of 10000i,1000n,20000p,200000b,200000s
</usr/share/texlive/texmf-dist/fonts/type1/public/amsfonts/cm/c
mmib10.pfb></usr/share/texmf/fonts/type1/public/lm/lmb10.pfb></usr/share/texmf/
fonts/type1/public/lm/lmbx10.pfb></usr/share/texmf/fonts/type1/public/lm/lmex10
.pfb></usr/share/texmf/fonts/type1/public/lm/lmmi10.pfb></usr/share/texmf/fonts
/type1/public/lm/lmmi6.pfb></usr/share/texmf/fonts/type1/public/lm/lmmi8.pfb></
usr/share/texmf/fonts/type1/public/lm/lmr10.pfb></usr/share/texmf/fonts/type1/p
ublic/lm/lmr8.pfb></usr/share/texmf/fonts/type1/public/lm/lmr9.pfb></usr/share/
texmf/fonts/type1/public/lm/lmri10.pfb></usr/share/texmf/fonts/type1/public/lm/
lmri9.pfb></usr/share/texmf/fonts/type1/public/lm/lmsy10.pfb></usr/share/texmf/
fonts/type1/public/lm/lmsy8.pfb></usr/share/texmf/fonts/type1/public/tex-gyre/q
hvb.pfb></usr/share/texmf/fonts/type1/public/tex-gyre/qhvr.pfb>
Output written on Modulo_4_Main.pdf (6 pages, 343854 bytes).
PDF statistics:
 252 PDF objects out of 1000 (max. 8388607)
 181 compressed objects within 2 object streams
 33 named destinations out of 1000 (max. 500000)
 58127 words of extra memory for PDF output out of 61914 (max. 10000000)

